This is pdfTeX, Version 3.14159265-2.6-1.40.21 (MiKTeX 2.9.7300 64-bit) (preloaded format=pdflatex 2020.3.5)  22 MAR 2020 21:32
entering extended mode
**./Master.tex
(Master.tex
LaTeX2e <2020-02-02> patch level 5
L3 programming layer <2020-03-03>
("C:\Users\USER\AppData\Local\Programs\MiKTeX 2.9\tex/latex/base\book.cls"
Document Class: book 2019/12/20 v1.4l Standard LaTeX document class
("C:\Users\USER\AppData\Local\Programs\MiKTeX 2.9\tex/latex/base\bk12.clo"
File: bk12.clo 2019/12/20 v1.4l Standard LaTeX file (size option)
)
\c@part=\count167
\c@chapter=\count168
\c@section=\count169
\c@subsection=\count170
\c@subsubsection=\count171
\c@paragraph=\count172
\c@subparagraph=\count173
\c@figure=\count174
\c@table=\count175
\abovecaptionskip=\skip47
\belowcaptionskip=\skip48
\bibindent=\dimen134
)
("C:\Users\USER\AppData\Local\Programs\MiKTeX 2.9\tex/latex/graphics\graphicx.s
ty"
Package: graphicx 2019/11/30 v1.2a Enhanced LaTeX Graphics (DPC,SPQR)

("C:\Users\USER\AppData\Local\Programs\MiKTeX 2.9\tex/latex/graphics\keyval.sty
"
Package: keyval 2014/10/28 v1.15 key=value parser (DPC)
\KV@toks@=\toks15
)
("C:\Users\USER\AppData\Local\Programs\MiKTeX 2.9\tex/latex/graphics\graphics.s
ty"
Package: graphics 2019/11/30 v1.4a Standard LaTeX Graphics (DPC,SPQR)

("C:\Users\USER\AppData\Local\Programs\MiKTeX 2.9\tex/latex/graphics\trig.sty"
Package: trig 2016/01/03 v1.10 sin cos tan (DPC)
)
("C:\Users\USER\AppData\Local\Programs\MiKTeX 2.9\tex/latex/graphics-cfg\graphi
cs.cfg"
File: graphics.cfg 2016/06/04 v1.11 sample graphics configuration
)
Package graphics Info: Driver file: pdftex.def on input line 105.

("C:\Users\USER\AppData\Local\Programs\MiKTeX 2.9\tex/latex/graphics-def\pdftex
.def"
File: pdftex.def 2018/01/08 v1.0l Graphics/color driver for pdftex
))
\Gin@req@height=\dimen135
\Gin@req@width=\dimen136
)
("C:\Users\USER\AppData\Local\Programs\MiKTeX 2.9\tex/latex/nomencl\nomencl.sty
"
Package: nomencl 2020/03/01 v5.4 Nomenclature package

("C:\Users\USER\AppData\Local\Programs\MiKTeX 2.9\tex/latex/xkeyval\xkeyval.sty
"
Package: xkeyval 2014/12/03 v2.7a package option processing (HA)

("C:\Users\USER\AppData\Local\Programs\MiKTeX 2.9\tex/generic/xkeyval\xkeyval.t
ex"
("C:\Users\USER\AppData\Local\Programs\MiKTeX 2.9\tex/generic/xkeyval\xkvutils.
tex"
\XKV@toks=\toks16
\XKV@tempa@toks=\toks17
)
\XKV@depth=\count176
File: xkeyval.tex 2014/12/03 v2.7a key=value parser (HA)
))
("C:\Users\USER\AppData\Local\Programs\MiKTeX 2.9\tex/latex/base\ifthen.sty"
Package: ifthen 2014/09/29 v1.1c Standard LaTeX ifthen package (DPC)
)
("C:\Users\USER\AppData\Local\Programs\MiKTeX 2.9\tex/latex/koma-script\tocbasi
c.sty"
Package: tocbasic 2020/01/24 v3.29 KOMA-Script package (handling toc-files)

("C:\Users\USER\AppData\Local\Programs\MiKTeX 2.9\tex/latex/koma-script\scrbase
.sty"
Package: scrbase 2020/01/24 v3.29 KOMA-Script package (KOMA-Script-independent 
basics and keyval usage)

("C:\Users\USER\AppData\Local\Programs\MiKTeX 2.9\tex/latex/koma-script\scrlfil
e.sty"
Package: scrlfile 2020/01/24 v3.29 KOMA-Script package (loading files)
))
\scr@dte@tocline@numberwidth=\skip49
\scr@dte@tocline@numbox=\box45
)
Package tocbasic Info: setting babel extension for `nlo' on input line 179.
Package tocbasic Info: setting babel extension for `nls' on input line 180.
\nomlabelwidth=\dimen137
\nom@tempdim=\dimen138
\nomitemsep=\skip50
)
("C:\Users\USER\AppData\Local\Programs\MiKTeX 2.9\tex/latex/biblatex\biblatex.s
ty"
Package: biblatex 2019/12/01 v3.14 programmable bibliographies (PK/MW)

("C:\Users\USER\AppData\Local\Programs\MiKTeX 2.9\tex/latex/pdftexcmds\pdftexcm
ds.sty"
Package: pdftexcmds 2019/11/24 v0.31 Utility functions of pdfTeX for LuaTeX (HO
)

("C:\Users\USER\AppData\Local\Programs\MiKTeX 2.9\tex/generic/infwarerr\infware
rr.sty"
Package: infwarerr 2019/12/03 v1.5 Providing info/warning/error messages (HO)
)
("C:\Users\USER\AppData\Local\Programs\MiKTeX 2.9\tex/generic/iftex\iftex.sty"
Package: iftex 2019/11/07 v1.0c TeX engine tests
)
("C:\Users\USER\AppData\Local\Programs\MiKTeX 2.9\tex/generic/ltxcmds\ltxcmds.s
ty"
Package: ltxcmds 2019/12/15 v1.24 LaTeX kernel commands for general use (HO)
)
Package pdftexcmds Info: \pdf@primitive is available.
Package pdftexcmds Info: \pdf@ifprimitive is available.
Package pdftexcmds Info: \pdfdraftmode found.
)
("C:\Users\USER\AppData\Local\Programs\MiKTeX 2.9\tex/latex/etoolbox\etoolbox.s
ty"
Package: etoolbox 2019/09/21 v2.5h e-TeX tools for LaTeX (JAW)
\etb@tempcnta=\count177
)
("C:\Users\USER\AppData\Local\Programs\MiKTeX 2.9\tex/latex/kvoptions\kvoptions
.sty"
Package: kvoptions 2019/11/29 v3.13 Key value format for package options (HO)

("C:\Users\USER\AppData\Local\Programs\MiKTeX 2.9\tex/generic/kvsetkeys\kvsetke
ys.sty"
Package: kvsetkeys 2019/12/15 v1.18 Key value parser (HO)
))
("C:\Users\USER\AppData\Local\Programs\MiKTeX 2.9\tex/latex/logreq\logreq.sty"
Package: logreq 2010/08/04 v1.0 xml request logger
\lrq@indent=\count178

("C:\Users\USER\AppData\Local\Programs\MiKTeX 2.9\tex/latex/logreq\logreq.def"
File: logreq.def 2010/08/04 v1.0 logreq spec v1.0
)) ("C:\Users\USER\AppData\Local\Programs\MiKTeX 2.9\tex/latex/url\url.sty"
\Urlmuskip=\muskip16
Package: url 2013/09/16  ver 3.4  Verb mode for urls, etc.
)
\c@tabx@nest=\count179
\c@listtotal=\count180
\c@listcount=\count181
\c@liststart=\count182
\c@liststop=\count183
\c@citecount=\count184
\c@citetotal=\count185
\c@multicitecount=\count186
\c@multicitetotal=\count187
\c@instcount=\count188
\c@maxnames=\count189
\c@minnames=\count190
\c@maxitems=\count191
\c@minitems=\count192
\c@citecounter=\count193
\c@maxcitecounter=\count194
\c@savedcitecounter=\count195
\c@uniquelist=\count196
\c@uniquename=\count197
\c@refsection=\count198
\c@refsegment=\count199
\c@maxextratitle=\count266
\c@maxextratitleyear=\count267
\c@maxextraname=\count268
\c@maxextradate=\count269
\c@maxextraalpha=\count270
\c@abbrvpenalty=\count271
\c@highnamepenalty=\count272
\c@lownamepenalty=\count273
\c@maxparens=\count274
\c@parenlevel=\count275
\blx@tempcnta=\count276
\blx@tempcntb=\count277
\blx@tempcntc=\count278
\blx@maxsection=\count279
\blx@maxsegment@0=\count280
\blx@notetype=\count281
\blx@parenlevel@text=\count282
\blx@parenlevel@foot=\count283
\blx@sectionciteorder@0=\count284
\blx@entrysetcounter=\count285
\labelnumberwidth=\skip51
\labelalphawidth=\skip52
\biblabelsep=\skip53
\bibitemsep=\skip54
\bibnamesep=\skip55
\bibinitsep=\skip56
\bibparsep=\skip57
\bibhang=\skip58
\blx@bcfin=\read2
\blx@bcfout=\write3
\blx@langwohyphens=\language82
\c@mincomprange=\count286
\c@maxcomprange=\count287
\c@mincompwidth=\count288
Package biblatex Info: Trying to load biblatex default data model...
Package biblatex Info: ... file 'blx-dm.def' found.

("C:\Users\USER\AppData\Local\Programs\MiKTeX 2.9\tex/latex/biblatex\blx-dm.def
"
File: blx-dm.def 2019/12/01 v3.14 biblatex localization (PK/MW)
)
Package biblatex Info: Trying to load biblatex custom data model...
Package biblatex Info: ... file 'biblatex-dm.cfg' not found.
\c@afterword=\count289
\c@savedafterword=\count290
\c@annotator=\count291
\c@savedannotator=\count292
\c@author=\count293
\c@savedauthor=\count294
\c@bookauthor=\count295
\c@savedbookauthor=\count296
\c@commentator=\count297
\c@savedcommentator=\count298
\c@editor=\count299
\c@savededitor=\count300
\c@editora=\count301
\c@savededitora=\count302
\c@editorb=\count303
\c@savededitorb=\count304
\c@editorc=\count305
\c@savededitorc=\count306
\c@foreword=\count307
\c@savedforeword=\count308
\c@holder=\count309
\c@savedholder=\count310
\c@introduction=\count311
\c@savedintroduction=\count312
\c@namea=\count313
\c@savednamea=\count314
\c@nameb=\count315
\c@savednameb=\count316
\c@namec=\count317
\c@savednamec=\count318
\c@translator=\count319
\c@savedtranslator=\count320
\c@shortauthor=\count321
\c@savedshortauthor=\count322
\c@shorteditor=\count323
\c@savedshorteditor=\count324
\c@labelname=\count325
\c@savedlabelname=\count326
\c@institution=\count327
\c@savedinstitution=\count328
\c@lista=\count329
\c@savedlista=\count330
\c@listb=\count331
\c@savedlistb=\count332
\c@listc=\count333
\c@savedlistc=\count334
\c@listd=\count335
\c@savedlistd=\count336
\c@liste=\count337
\c@savedliste=\count338
\c@listf=\count339
\c@savedlistf=\count340
\c@location=\count341
\c@savedlocation=\count342
\c@organization=\count343
\c@savedorganization=\count344
\c@origlocation=\count345
\c@savedoriglocation=\count346
\c@origpublisher=\count347
\c@savedorigpublisher=\count348
\c@publisher=\count349
\c@savedpublisher=\count350
\c@language=\count351
\c@savedlanguage=\count352
\c@origlanguage=\count353
\c@savedoriglanguage=\count354
\c@pageref=\count355
\c@savedpageref=\count356
\shorthandwidth=\skip59
\shortjournalwidth=\skip60
\shortserieswidth=\skip61
\shorttitlewidth=\skip62
\shortauthorwidth=\skip63
\shorteditorwidth=\skip64
\locallabelnumberwidth=\skip65
\locallabelalphawidth=\skip66
\localshorthandwidth=\skip67
\localshortjournalwidth=\skip68
\localshortserieswidth=\skip69
\localshorttitlewidth=\skip70
\localshortauthorwidth=\skip71
\localshorteditorwidth=\skip72
Package biblatex Info: Trying to load compatibility code...
Package biblatex Info: ... file 'blx-compat.def' found.

("C:\Users\USER\AppData\Local\Programs\MiKTeX 2.9\tex/latex/biblatex\blx-compat
.def"
File: blx-compat.def 2019/12/01 v3.14 biblatex compatibility (PK/MW)
)
Package biblatex Info: Trying to load generic definitions...
Package biblatex Info: ... file 'biblatex.def' found.

("C:\Users\USER\AppData\Local\Programs\MiKTeX 2.9\tex/latex/biblatex\biblatex.d
ef"
File: biblatex.def 2019/12/01 v3.14 biblatex compatibility (PK/MW)
\c@textcitecount=\count357
\c@textcitetotal=\count358
\c@textcitemaxnames=\count359
\c@biburlbigbreakpenalty=\count360
\c@biburlbreakpenalty=\count361
\c@biburlnumpenalty=\count362
\c@biburlucpenalty=\count363
\c@biburllcpenalty=\count364
\biburlbigskip=\muskip17
\biburlnumskip=\muskip18
\biburlucskip=\muskip19
\biburllcskip=\muskip20
\c@smartand=\count365
)
Package biblatex Info: Trying to load bibliography style 'numeric'...
Package biblatex Info: ... file 'numeric.bbx' found.

("C:\Users\USER\AppData\Local\Programs\MiKTeX 2.9\tex/latex/biblatex/bbx\numeri
c.bbx"
File: numeric.bbx 2019/12/01 v3.14 biblatex bibliography style (PK/MW)
Package biblatex Info: Trying to load bibliography style 'standard'...
Package biblatex Info: ... file 'standard.bbx' found.

("C:\Users\USER\AppData\Local\Programs\MiKTeX 2.9\tex/latex/biblatex/bbx\standa
rd.bbx"
File: standard.bbx 2019/12/01 v3.14 biblatex bibliography style (PK/MW)
\c@bbx:relatedcount=\count366
\c@bbx:relatedtotal=\count367
))
Package biblatex Info: Trying to load citation style 'numeric'...
Package biblatex Info: ... file 'numeric.cbx' found.

("C:\Users\USER\AppData\Local\Programs\MiKTeX 2.9\tex/latex/biblatex/cbx\numeri
c.cbx"
File: numeric.cbx 2019/12/01 v3.14 biblatex citation style (PK/MW)
Package biblatex Info: Redefining '\cite'.
Package biblatex Info: Redefining '\parencite'.
Package biblatex Info: Redefining '\footcite'.
Package biblatex Info: Redefining '\footcitetext'.
Package biblatex Info: Redefining '\smartcite'.
Package biblatex Info: Redefining '\supercite'.
Package biblatex Info: Redefining '\textcite'.
Package biblatex Info: Redefining '\textcites'.
Package biblatex Info: Redefining '\cites'.
Package biblatex Info: Redefining '\parencites'.
Package biblatex Info: Redefining '\smartcites'.
)
Package biblatex Info: Trying to load configuration file...
Package biblatex Info: ... file 'biblatex.cfg' found.

("C:\Users\USER\AppData\Local\Programs\MiKTeX 2.9\tex/latex/biblatex\biblatex.c
fg"
File: biblatex.cfg 
))
("C:\Users\USER\AppData\Local\Programs\MiKTeX 2.9\tex/latex/caption\caption.sty
"
Package: caption 2020/01/03 v3.4h Customizing captions (AR)

("C:\Users\USER\AppData\Local\Programs\MiKTeX 2.9\tex/latex/caption\caption3.st
y"
Package: caption3 2020/01/03 v1.8h caption3 kernel (AR)
Package caption3 Info: TeX engine: e-TeX on input line 61.
\captionmargin=\dimen139
\captionmargin@=\dimen140
\captionwidth=\dimen141
\caption@tempdima=\dimen142
\caption@indent=\dimen143
\caption@parindent=\dimen144
\caption@hangindent=\dimen145
Package caption Info: Standard document class detected.
)
\c@caption@flags=\count368
\c@continuedfloat=\count369
)
("C:\Users\USER\AppData\Local\Programs\MiKTeX 2.9\tex/latex/fancyhdr\fancyhdr.s
ty"
Package: fancyhdr 2019/01/31 v3.10 Extensive control of page headers and footer
s
\f@nch@headwidth=\skip73
\f@nch@O@elh=\skip74
\f@nch@O@erh=\skip75
\f@nch@O@olh=\skip76
\f@nch@O@orh=\skip77
\f@nch@O@elf=\skip78
\f@nch@O@erf=\skip79
\f@nch@O@olf=\skip80
\f@nch@O@orf=\skip81
)
("C:\Users\USER\AppData\Local\Programs\MiKTeX 2.9\tex/latex/geometry\geometry.s
ty"
Package: geometry 2020/01/02 v5.9 Page Geometry

("C:\Users\USER\AppData\Local\Programs\MiKTeX 2.9\tex/generic/iftex\ifvtex.sty"
Package: ifvtex 2019/10/25 v1.7 ifvtex legacy package. Use iftex instead.
)
\Gm@cnth=\count370
\Gm@cntv=\count371
\c@Gm@tempcnt=\count372
\Gm@bindingoffset=\dimen146
\Gm@wd@mp=\dimen147
\Gm@odd@mp=\dimen148
\Gm@even@mp=\dimen149
\Gm@layoutwidth=\dimen150
\Gm@layoutheight=\dimen151
\Gm@layouthoffset=\dimen152
\Gm@layoutvoffset=\dimen153
\Gm@dimlist=\toks18

("C:\Users\USER\AppData\Local\Programs\MiKTeX 2.9\tex/latex/geometry\geometry.c
fg"))
("C:\Users\USER\AppData\Local\Programs\MiKTeX 2.9\tex/generic/iftex\ifpdf.sty"
Package: ifpdf 2019/10/25 v3.4 ifpdf legacy package. Use iftex instead.
)
("C:\Users\USER\AppData\Local\Programs\MiKTeX 2.9\tex/latex/appendix\appendix.s
ty"
Package: appendix 2020/02/08 v1.2c extra appendix facilities
\c@@pps=\count373
\c@@ppsavesec=\count374
\c@@ppsaveapp=\count375
)
("C:\Users\USER\AppData\Local\Programs\MiKTeX 2.9\tex/latex/base\inputenc.sty"
Package: inputenc 2018/08/11 v1.3c Input encoding file
\inpenc@prehook=\toks19
\inpenc@posthook=\toks20
) ("C:\Users\USER\AppData\Local\Programs\MiKTeX 2.9\tex/generic/babel\babel.sty
"
Package: babel 2020/02/28 3.41 The Babel package
("C:\Users\USER\AppData\Local\Programs\MiKTeX 2.9\tex/generic/babel\switch.def"
File: switch.def 2020/02/28 3.41 Babel switching mechanism
)
*************************************
* Local config file bblopts.cfg used
*
("C:\Users\USER\AppData\Local\Programs\MiKTeX 2.9\tex/latex/arabi\bblopts.cfg"
File: bblopts.cfg 2005/09/08 v0.1 add Arabic and Farsi to "declared" options of
 babel
)
("C:\Users\USER\AppData\Local\Programs\MiKTeX 2.9\tex/latex/babel-german\ngerma
n.ldf"
Language: ngerman 2018/12/08 v2.11 German support for babel (post-1996 orthogra
phy)

("C:\Users\USER\AppData\Local\Programs\MiKTeX 2.9\tex/latex/babel-german\ngerma
nb.ldf"
Language: ngermanb 2018/12/08 v2.11 German support for babel (post-1996 orthogr
aphy)

("C:\Users\USER\AppData\Local\Programs\MiKTeX 2.9\tex/generic/babel\babel.def"
File: babel.def 2020/02/28 3.41 Babel common definitions
\babel@savecnt=\count376
\U@D=\dimen154

("C:\Users\USER\AppData\Local\Programs\MiKTeX 2.9\tex/generic/babel\txtbabel.de
f")
\bbl@readstream=\read3
\bbl@dirlevel=\count377
)
Package babel Info: Making " an active character on input line 121.
)))
("C:\Users\USER\AppData\Local\Programs\MiKTeX 2.9\tex/latex/siunitx\siunitx.sty
" ("C:\Users\USER\AppData\Local\Programs\MiKTeX 2.9\tex/latex/l3kernel\expl3.st
y"
Package: expl3 2020-03-03 L3 programming layer (loader) 

("C:\Users\USER\AppData\Local\Programs\MiKTeX 2.9\tex/latex/l3backend\l3backend
-pdfmode.def"
File: l3backend-pdfmode.def 2020-02-23 L3 backend support: PDF mode
\l__kernel_color_stack_int=\count378
\l__pdf_internal_box=\box46
))
("C:\Users\USER\AppData\Local\Programs\MiKTeX 2.9\tex/latex/l3packages/xparse\x
parse.sty"
Package: xparse 2020-03-03 L3 Experimental document command parser
\l__xparse_current_arg_int=\count379
\g__xparse_grabber_int=\count380
\l__xparse_m_args_int=\count381
\l__xparse_v_nesting_int=\count382
)
Package: siunitx 2020/02/25 v2.8b A comprehensive (SI) units package

("C:\Users\USER\AppData\Local\Programs\MiKTeX 2.9\tex/latex/amsmath\amstext.sty
"
Package: amstext 2000/06/29 v2.01 AMS text
 ("C:\Users\USER\AppData\Local\Programs\MiKTeX 2.9\tex/latex/amsmath\amsgen.sty
"
File: amsgen.sty 1999/11/30 v2.0 generic functions
\@emptytoks=\toks21
\ex@=\dimen155
)) ("C:\Users\USER\AppData\Local\Programs\MiKTeX 2.9\tex/latex/tools\array.sty"
Package: array 2019/08/31 v2.4l Tabular extension package (FMi)
\col@sep=\dimen156
\ar@mcellbox=\box47
\extrarowheight=\dimen157
\NC@list=\toks22
\extratabsurround=\skip82
\backup@length=\skip83
\ar@cellbox=\box48
)
("C:\Users\USER\AppData\Local\Programs\MiKTeX 2.9\tex/latex/l3packages/l3keys2e
\l3keys2e.sty"
Package: l3keys2e 2020-03-03 LaTeX2e option processing using LaTeX3 keys
)
\l__siunitx_tmp_box=\box49
\l__siunitx_tmp_dim=\dimen158
\l__siunitx_tmp_int=\count383
\l__siunitx_number_mantissa_length_int=\count384
\l__siunitx_number_uncert_length_int=\count385
\l__siunitx_round_int=\count386
\l__siunitx_process_decimal_int=\count387
\l__siunitx_process_uncertainty_int=\count388
\l__siunitx_process_fixed_int=\count389
\l__siunitx_process_integer_min_int=\count390
\l__siunitx_process_precision_int=\count391
\l__siunitx_group_min_int=\count392
\l__siunitx_angle_marker_box=\box50
\l__siunitx_angle_unit_box=\box51
\l__siunitx_angle_marker_dim=\dimen159
\l__siunitx_angle_unit_dim=\dimen160
\l__siunitx_unit_int=\count393
\l__siunitx_unit_denominator_int=\count394
\l__siunitx_unit_numerator_int=\count395
\l__siunitx_unit_prefix_int=\count396
\l__siunitx_unit_prefix_base_int=\count397
\l__siunitx_unit_prefix_gram_int=\count398
\l__siunitx_number_product_int=\count399
\c__siunitx_one_fill_skip=\skip84
\l__siunitx_table_unit_align_skip=\skip85
\l__siunitx_table_exponent_dim=\dimen161
\l__siunitx_table_integer_dim=\dimen162
\l__siunitx_table_mantissa_dim=\dimen163
\l__siunitx_table_marker_dim=\dimen164
\l__siunitx_table_result_dim=\dimen165
\l__siunitx_table_uncert_dim=\dimen166
\l__siunitx_table_fill_pre_dim=\dimen167
\l__siunitx_table_fill_post_dim=\dimen168
\l__siunitx_table_fill_mid_dim=\dimen169
\l__siunitx_table_pre_box=\box52
\l__siunitx_table_post_box=\box53
\l__siunitx_table_mantissa_box=\box54
\l__siunitx_table_result_box=\box55
\l__siunitx_table_number_align_skip=\skip86
\l__siunitx_table_text_align_skip=\skip87

("C:\Users\USER\AppData\Local\Programs\MiKTeX 2.9\tex/latex/translator\translat
or.sty"
Package: translator 2019-05-31 v1.12a Easy translation of strings in LaTeX
))
("C:\Users\USER\AppData\Local\Programs\MiKTeX 2.9\tex/latex/pdflscape\pdflscape
.sty"
Package: pdflscape 2019/12/05 v0.12 Display of landscape pages in PDF (HO)

("C:\Users\USER\AppData\Local\Programs\MiKTeX 2.9\tex/latex/graphics\lscape.sty
"
Package: lscape 2000/10/22 v3.01 Landscape Pages (DPC)
)
Package pdflscape Info: Auto-detected driver: pdftex on input line 81.
)
("C:\Users\USER\AppData\Local\Programs\MiKTeX 2.9\tex/latex/pdfpages\pdfpages.s
ty"
Package: pdfpages 2020/01/28 v0.5q Insert pages of external PDF documents (AM)
 ("C:\Users\USER\AppData\Local\Programs\MiKTeX 2.9\tex/latex/tools\calc.sty"
Package: calc 2017/05/25 v4.3 Infix arithmetic (KKT,FJ)
\calc@Acount=\count400
\calc@Bcount=\count401
\calc@Adimen=\dimen170
\calc@Bdimen=\dimen171
\calc@Askip=\skip88
\calc@Bskip=\skip89
LaTeX Info: Redefining \setlength on input line 80.
LaTeX Info: Redefining \addtolength on input line 81.
\calc@Ccount=\count402
\calc@Cskip=\skip90
)
("C:\Users\USER\AppData\Local\Programs\MiKTeX 2.9\tex/latex/eso-pic\eso-pic.sty
"
Package: eso-pic 2018/04/12 v2.0h eso-pic (RN)

("C:\Users\USER\AppData\Local\Programs\MiKTeX 2.9\tex/generic/atbegshi\atbegshi
.sty"
Package: atbegshi 2019/12/05 v1.19 At begin shipout hook (HO)
)
("C:\Users\USER\AppData\Local\Programs\MiKTeX 2.9\tex/latex/xcolor\xcolor.sty"
Package: xcolor 2016/05/11 v2.12 LaTeX color extensions (UK)

("C:\Users\USER\AppData\Local\Programs\MiKTeX 2.9\tex/latex/graphics-cfg\color.
cfg"
File: color.cfg 2016/01/02 v1.6 sample color configuration
)
Package xcolor Info: Driver file: pdftex.def on input line 225.
Package xcolor Info: Model `cmy' substituted by `cmy0' on input line 1348.
Package xcolor Info: Model `hsb' substituted by `rgb' on input line 1352.
Package xcolor Info: Model `RGB' extended on input line 1364.
Package xcolor Info: Model `HTML' substituted by `rgb' on input line 1366.
Package xcolor Info: Model `Hsb' substituted by `hsb' on input line 1367.
Package xcolor Info: Model `tHsb' substituted by `hsb' on input line 1368.
Package xcolor Info: Model `HSB' substituted by `hsb' on input line 1369.
Package xcolor Info: Model `Gray' substituted by `gray' on input line 1370.
Package xcolor Info: Model `wave' substituted by `hsb' on input line 1371.
))
\AM@pagewidth=\dimen172
\AM@pageheight=\dimen173

("C:\Users\USER\AppData\Local\Programs\MiKTeX 2.9\tex/latex/pdfpages\pppdftex.d
ef"
File: pppdftex.def 2020/01/28 v0.5q Pdfpages driver for pdfTeX (AM)
)
\AM@pagebox=\box56
\AM@global@opts=\toks23
\AM@pagecnt=\count403
\AM@toc@title=\toks24
\c@AM@survey=\count404
\AM@templatesizebox=\box57
)
("C:\Users\USER\AppData\Local\Programs\MiKTeX 2.9\tex/latex/tools\longtable.sty
"
Package: longtable 2020/01/07 v4.13 Multi-page Table package (DPC)
\LTleft=\skip91
\LTright=\skip92
\LTpre=\skip93
\LTpost=\skip94
\LTchunksize=\count405
\LTcapwidth=\dimen174
\LT@head=\box58
\LT@firsthead=\box59
\LT@foot=\box60
\LT@lastfoot=\box61
\LT@cols=\count406
\LT@rows=\count407
\c@LT@tables=\count408
\c@LT@chunks=\count409
\LT@p@ftn=\toks25
)
("C:\Users\USER\AppData\Local\Programs\MiKTeX 2.9\tex/latex/hyperref\hyperref.s
ty"
Package: hyperref 2020/01/14 v7.00d Hypertext links for LaTeX

("C:\Users\USER\AppData\Local\Programs\MiKTeX 2.9\tex/generic/kvdefinekeys\kvde
finekeys.sty"
Package: kvdefinekeys 2019-12-19 v1.6 Define keys (HO)
)
("C:\Users\USER\AppData\Local\Programs\MiKTeX 2.9\tex/generic/pdfescape\pdfesca
pe.sty"
Package: pdfescape 2019/12/09 v1.15 Implements pdfTeX's escape features (HO)
)
("C:\Users\USER\AppData\Local\Programs\MiKTeX 2.9\tex/latex/hycolor\hycolor.sty
"
Package: hycolor 2020-01-27 v1.10 Color options for hyperref/bookmark (HO)
)
("C:\Users\USER\AppData\Local\Programs\MiKTeX 2.9\tex/latex/letltxmacro\letltxm
acro.sty"
Package: letltxmacro 2019/12/03 v1.6 Let assignment for LaTeX macros (HO)
)
("C:\Users\USER\AppData\Local\Programs\MiKTeX 2.9\tex/latex/auxhook\auxhook.sty
"
Package: auxhook 2019-12-17 v1.6 Hooks for auxiliary files (HO)
)
\@linkdim=\dimen175
\Hy@linkcounter=\count410
\Hy@pagecounter=\count411

("C:\Users\USER\AppData\Local\Programs\MiKTeX 2.9\tex/latex/hyperref\pd1enc.def
"
File: pd1enc.def 2020/01/14 v7.00d Hyperref: PDFDocEncoding definition (HO)
Now handling font encoding PD1 ...
... no UTF-8 mapping file for font encoding PD1
)
("C:\Users\USER\AppData\Local\Programs\MiKTeX 2.9\tex/generic/intcalc\intcalc.s
ty"
Package: intcalc 2019/12/15 v1.3 Expandable calculations with integers (HO)
)
("C:\Users\USER\AppData\Local\Programs\MiKTeX 2.9\tex/generic/etexcmds\etexcmds
.sty"
Package: etexcmds 2019/12/15 v1.7 Avoid name clashes with e-TeX commands (HO)
)
\Hy@SavedSpaceFactor=\count412
Package hyperref Info: Hyper figures OFF on input line 4547.
Package hyperref Info: Link nesting OFF on input line 4552.
Package hyperref Info: Hyper index ON on input line 4555.
Package hyperref Info: Plain pages OFF on input line 4562.
Package hyperref Info: Backreferencing OFF on input line 4567.
Package hyperref Info: Implicit mode ON; LaTeX internals redefined.
Package hyperref Info: Bookmarks ON on input line 4800.
\c@Hy@tempcnt=\count413
LaTeX Info: Redefining \url on input line 5159.
\XeTeXLinkMargin=\dimen176

("C:\Users\USER\AppData\Local\Programs\MiKTeX 2.9\tex/generic/bitset\bitset.sty
"
Package: bitset 2019/12/09 v1.3 Handle bit-vector datatype (HO)

("C:\Users\USER\AppData\Local\Programs\MiKTeX 2.9\tex/generic/bigintcalc\bigint
calc.sty"
Package: bigintcalc 2019/12/15 v1.5 Expandable calculations on big integers (HO
)
))
\Fld@menulength=\count414
\Field@Width=\dimen177
\Fld@charsize=\dimen178
Package hyperref Info: Hyper figures OFF on input line 6430.
Package hyperref Info: Link nesting OFF on input line 6435.
Package hyperref Info: Hyper index ON on input line 6438.
Package hyperref Info: backreferencing OFF on input line 6445.
Package hyperref Info: Link coloring OFF on input line 6450.
Package hyperref Info: Link coloring with OCG OFF on input line 6455.
Package hyperref Info: PDF/A mode OFF on input line 6460.
LaTeX Info: Redefining \ref on input line 6500.
LaTeX Info: Redefining \pageref on input line 6504.
\Hy@abspage=\count415
\c@Item=\count416
\c@Hfootnote=\count417
)
Package hyperref Info: Driver (autodetected): hpdftex.

("C:\Users\USER\AppData\Local\Programs\MiKTeX 2.9\tex/latex/hyperref\hpdftex.de
f"
File: hpdftex.def 2020/01/14 v7.00d Hyperref driver for pdfTeX

("C:\Users\USER\AppData\Local\Programs\MiKTeX 2.9\tex/latex/atveryend\atveryend
.sty"
Package: atveryend 2019-12-11 v1.11 Hooks at the very end of document (HO)
)
\Fld@listcount=\count418
\c@bookmark@seq@number=\count419

("C:\Users\USER\AppData\Local\Programs\MiKTeX 2.9\tex/latex/rerunfilecheck\reru
nfilecheck.sty"
Package: rerunfilecheck 2019/12/05 v1.9 Rerun checks for auxiliary files (HO)

("C:\Users\USER\AppData\Local\Programs\MiKTeX 2.9\tex/generic/uniquecounter\uni
quecounter.sty"
Package: uniquecounter 2019/12/15 v1.4 Provide unlimited unique counter (HO)
)
Package uniquecounter Info: New unique counter `rerunfilecheck' on input line 2
86.
)
\Hy@SectionHShift=\skip95
)
("C:\Users\USER\AppData\Local\Programs\MiKTeX 2.9\tex/latex/mdwtools\footnote.s
ty"
Package: footnote 1997/01/28 1.13 Save footnotes around boxes
\fn@notes=\box62
\fn@width=\dimen179
)
("C:\Users\USER\AppData\Local\Programs\MiKTeX 2.9\tex/latex/transparent\transpa
rent.sty"
Package: transparent 2019/11/29 v1.4 Transparency via pdfTeX's color stack (HO)

)
("C:\Users\USER\AppData\Local\Programs\MiKTeX 2.9\tex/latex/lastpage\lastpage.s
ty"
Package: lastpage 2015/03/29 v1.2m Refers to last page's name (HMM; JPG)
) ("C:\Users\USER\AppData\Local\Programs\MiKTeX 2.9\tex/latex/float\float.sty"
Package: float 2001/11/08 v1.3d Float enhancements (AL)
\c@float@type=\count420
\float@exts=\toks26
\float@box=\box63
\@float@everytoks=\toks27
\@floatcapt=\box64
)
("C:\Users\USER\AppData\Local\Programs\MiKTeX 2.9\tex/latex/listings\listings.s
ty"
\lst@mode=\count421
\lst@gtempboxa=\box65
\lst@token=\toks28
\lst@length=\count422
\lst@currlwidth=\dimen180
\lst@column=\count423
\lst@pos=\count424
\lst@lostspace=\dimen181
\lst@width=\dimen182
\lst@newlines=\count425
\lst@lineno=\count426
\lst@maxwidth=\dimen183

("C:\Users\USER\AppData\Local\Programs\MiKTeX 2.9\tex/latex/listings\lstmisc.st
y"
File: lstmisc.sty 2019/09/10 1.8c (Carsten Heinz)
\c@lstnumber=\count427
\lst@skipnumbers=\count428
\lst@framebox=\box66
)
("C:\Users\USER\AppData\Local\Programs\MiKTeX 2.9\tex/latex/listings\listings.c
fg"
File: listings.cfg 2019/09/10 1.8c listings configuration
))
Package: listings 2019/09/10 1.8c (Carsten Heinz)

("C:\Users\USER\AppData\Local\Programs\MiKTeX 2.9\tex/latex/ragged2e\ragged2e.s
ty"
Package: ragged2e 2019/07/28 v2.2 ragged2e Package (MS)
 ("C:\Users\USER\AppData\Local\Programs\MiKTeX 2.9\tex/latex/ms\everysel.sty"
Package: everysel 2011/10/28 v1.2 EverySelectfont Package (MS)
)
\CenteringLeftskip=\skip96
\RaggedLeftLeftskip=\skip97
\RaggedRightLeftskip=\skip98
\CenteringRightskip=\skip99
\RaggedLeftRightskip=\skip100
\RaggedRightRightskip=\skip101
\CenteringParfillskip=\skip102
\RaggedLeftParfillskip=\skip103
\RaggedRightParfillskip=\skip104
\JustifyingParfillskip=\skip105
\CenteringParindent=\skip106
\RaggedLeftParindent=\skip107
\RaggedRightParindent=\skip108
\JustifyingParindent=\skip109
)
("C:\Users\USER\AppData\Local\Programs\MiKTeX 2.9\tex/latex/subfig\subfig.sty"
Package: subfig 2005/06/28 ver: 1.3 subfig package
\c@KVtest=\count429
\sf@farskip=\skip110
\sf@captopadj=\dimen184
\sf@capskip=\skip111
\sf@nearskip=\skip112
\c@subfigure=\count430
\c@subfigure@save=\count431
\c@lofdepth=\count432
\c@subtable=\count433
\c@subtable@save=\count434
\c@lotdepth=\count435
\sf@top=\skip113
\sf@bottom=\skip114
)
("C:\Users\USER\AppData\Local\Programs\MiKTeX 2.9\tex/latex/chngcntr\chngcntr.s
ty"
Package: chngcntr 2018/04/09 v1.1a change counter resetting
)
\@nomenclaturefile=\write4
\openout4 = `Master.nlo'.

Package nomencl Info: Writing nomenclature file Master.nlo on input line 35.


Package biblatex Warning: 'babel/polyglossia' detected but 'csquotes' missing.
(biblatex)                Loading 'csquotes' recommended.

\@quotelevel=\count436
\@quotereset=\count437
(Master.aux

LaTeX Warning: Label `fig:Erklaerung_Erste_Ebene' multiply defined.

)
\openout1 = `Master.aux'.

LaTeX Font Info:    Checking defaults for OML/cmm/m/it on input line 116.
LaTeX Font Info:    ... okay on input line 116.
LaTeX Font Info:    Checking defaults for OMS/cmsy/m/n on input line 116.
LaTeX Font Info:    ... okay on input line 116.
LaTeX Font Info:    Checking defaults for OT1/cmr/m/n on input line 116.
LaTeX Font Info:    ... okay on input line 116.
LaTeX Font Info:    Checking defaults for T1/cmr/m/n on input line 116.
LaTeX Font Info:    ... okay on input line 116.
LaTeX Font Info:    Checking defaults for TS1/cmr/m/n on input line 116.
LaTeX Font Info:    ... okay on input line 116.
LaTeX Font Info:    Checking defaults for OMX/cmex/m/n on input line 116.
LaTeX Font Info:    ... okay on input line 116.
LaTeX Font Info:    Checking defaults for U/cmr/m/n on input line 116.
LaTeX Font Info:    ... okay on input line 116.
LaTeX Font Info:    Checking defaults for PD1/pdf/m/n on input line 116.
LaTeX Font Info:    ... okay on input line 116.

("C:\Users\USER\AppData\Local\Programs\MiKTeX 2.9\tex/context/base/mkii\supp-pd
f.mkii"
[Loading MPS to PDF converter (version 2006.09.02).]
\scratchcounter=\count438
\scratchdimen=\dimen185
\scratchbox=\box67
\nofMPsegments=\count439
\nofMParguments=\count440
\everyMPshowfont=\toks29
\MPscratchCnt=\count441
\MPscratchDim=\dimen186
\MPnumerator=\count442
\makeMPintoPDFobject=\count443
\everyMPtoPDFconversion=\toks30
)
("C:\Users\USER\AppData\Local\Programs\MiKTeX 2.9\tex/latex/epstopdf-pkg\epstop
df-base.sty"
Package: epstopdf-base 2020-01-24 v2.11 Base part for package epstopdf
Package epstopdf-base Info: Redefining graphics rule for `.eps' on input line 4
85.
)
Package biblatex Info: Trying to load language 'ngerman'...
Package biblatex Info: ... file 'ngerman.lbx' found.

("C:\Users\USER\AppData\Local\Programs\MiKTeX 2.9\tex/latex/biblatex/lbx\ngerma
n.lbx"
File: ngerman.lbx 2019/12/01 v3.14 biblatex localization (PK/MW)
Package biblatex Info: Trying to load language 'german'...
Package biblatex Info: ... file 'german.lbx' found.

("C:\Users\USER\AppData\Local\Programs\MiKTeX 2.9\tex/latex/biblatex/lbx\german
.lbx"
File: german.lbx 2019/12/01 v3.14 biblatex localization (PK/MW)
)
Package biblatex Info: Trying to load language 'german'...
Package biblatex Info: ... file 'german.lbx' found.

("C:\Users\USER\AppData\Local\Programs\MiKTeX 2.9\tex/latex/biblatex/lbx\german
.lbx"
File: german.lbx 2019/12/01 v3.14 biblatex localization (PK/MW)
))
Package biblatex Info: Input encoding 'utf8' detected.
Package biblatex Info: Automatic encoding selection.
(biblatex)             Assuming data encoding 'utf8'.
\openout3 = `Master.bcf'.

Package biblatex Info: Trying to load bibliographic data...


Package biblatex Warning: File 'Master.bbl' is wrong format version - expected 
3.1.

Package biblatex Info: ... file 'Master.bbl' found.
(Master.bbl

Package biblatex Warning: Biber reported the following issues
(biblatex)                with 'scrum':
(biblatex)                - Entry 'scrum' (./../literatur.bib): Invalid format 
'19.09.2019' of date field 'date' - ignoring.


Package biblatex Warning: Biber reported the following issues
(biblatex)                with 'Risikoanalyse':
(biblatex)                - Entry 'Risikoanalyse' (./../literatur.bib): Invalid
 format 'date' of date field 'date' - ignoring.


Package biblatex Warning: Biber reported the following issues
(biblatex)                with 'terminator':
(biblatex)                - Entry 'terminator' (./../literatur.bib): Invalid fo
rmat '16.09.2018' of date field 'date' - ignoring.


Package biblatex Warning: Biber reported the following issues
(biblatex)                with 'Bigpicture':
(biblatex)                - Entry 'Bigpicture' (./../literatur.bib): Invalid fo
rmat '16.09.2018' of date field 'date' - ignoring.


Package biblatex Warning: Biber reported the following issues
(biblatex)                with 'affine':
(biblatex)                - Entry 'affine' (./../literatur.bib): Invalid format
 '3.3.2020' of date field 'date' - ignoring.

)
Package biblatex Info: Reference section=0 on input line 116.
Package biblatex Info: Reference segment=0 on input line 116.
Package caption Info: Begin \AtBeginDocument code.
Package caption Info: subfig package v1.3 is loaded.
Package caption Info: float package is loaded.
Package caption Info: hyperref package is loaded.
Package caption Info: listings package is loaded.
Package caption Info: longtable package is loaded.

("C:\Users\USER\AppData\Local\Programs\MiKTeX 2.9\tex/latex/caption\ltcaption.s
ty"
Package: ltcaption 2018/08/26 v1.4a longtable captions (AR)
)
Package caption Info: End \AtBeginDocument code.

*geometry* driver: auto-detecting
*geometry* detected driver: pdftex
*geometry* verbose mode - [ preamble ] result:
* driver: pdftex
* paper: a4paper
* layout: <same size as paper>
* layoutoffset:(h,v)=(0.0pt,0.0pt)
* modes: 
* h-part:(L,W,R)=(85.35826pt, 441.01773pt, 71.13188pt)
* v-part:(T,H,B)=(85.35826pt, 674.33032pt, 85.35826pt)
* \paperwidth=597.50787pt
* \paperheight=845.04684pt
* \textwidth=441.01773pt
* \textheight=674.33032pt
* \oddsidemargin=13.08827pt
* \evensidemargin=13.08827pt
* \topmargin=-18.78552pt
* \headheight=12.0pt
* \headsep=19.8738pt
* \topskip=12.0pt
* \footskip=30.0pt
* \marginparwidth=38.0pt
* \marginparsep=7.0pt
* \columnsep=10.0pt
* \skip\footins=10.8pt plus 4.0pt minus 2.0pt
* \hoffset=0.0pt
* \voffset=0.0pt
* \mag=1000
* \@twocolumnfalse
* \@twosidefalse
* \@mparswitchfalse
* \@reversemarginfalse
* (1in=72.27pt=25.4mm, 1cm=28.453pt)


("C:\Users\USER\AppData\Local\Programs\MiKTeX 2.9\tex/latex/translator\translat
or-basic-dictionary-English.dict"
Dictionary: translator-basic-dictionary, Language: English 
)
("C:\Users\USER\AppData\Local\Programs\MiKTeX 2.9\tex/latex/siunitx\siunitx-abb
reviations.cfg"
File: siunitx-abbreviations.cfg 2017/11/26 v2.7k siunitx: Abbreviated units
)
\AtBeginShipoutBox=\box68
Package hyperref Info: Link coloring OFF on input line 116.

("C:\Users\USER\AppData\Local\Programs\MiKTeX 2.9\tex/latex/hyperref\nameref.st
y"
Package: nameref 2019/09/16 v2.46 Cross-referencing by name of section

("C:\Users\USER\AppData\Local\Programs\MiKTeX 2.9\tex/latex/refcount\refcount.s
ty"
Package: refcount 2019/12/15 v3.6 Data extraction from label references (HO)
)
("C:\Users\USER\AppData\Local\Programs\MiKTeX 2.9\tex/generic/gettitlestring\ge
ttitlestring.sty"
Package: gettitlestring 2019/12/15 v1.6 Cleanup title references (HO)
)
\c@section@level=\count444
)
LaTeX Info: Redefining \ref on input line 116.
LaTeX Info: Redefining \pageref on input line 116.
LaTeX Info: Redefining \nameref on input line 116.
 (Master.out) (Master.out)
\@outlinefile=\write5
\openout5 = `Master.out'.

Package lastpage Info: Please have a look at the pageslts package at
(lastpage)             https://www.ctan.org/pkg/pageslts
(lastpage)             ! on input line 116.
\c@lstlisting=\count445

ABD: EverySelectfont initializing macros
LaTeX Info: Redefining \selectfont on input line 116.
LaTeX Font Info:    External font `cmex10' loaded for size
(Font)              <12> on input line 116.
LaTeX Font Info:    External font `cmex10' loaded for size
(Font)              <8> on input line 116.
LaTeX Font Info:    External font `cmex10' loaded for size
(Font)              <6> on input line 116.
 (_Doc_A.tex) (01_title.tex
<./figures/Header_Seite.png, id=271, 137.01187pt x 48.18pt>
File: ./figures/Header_Seite.png Graphic file (type png)
<use ./figures/Header_Seite.png>
Package pdftex.def Info: ./figures/Header_Seite.png  used on input line 6.
(pdftex.def)             Requested size: 137.01154pt x 48.17986pt.
LaTeX Font Info:    External font `cmex10' loaded for size
(Font)              <17.28> on input line 49.
<./../00_Gesamt/figures/Frontpage_back.png, id=272, 716.6775pt x 403.5075pt>
File: ./../00_Gesamt/figures/Frontpage_back.png Graphic file (type png)
<use ./../00_Gesamt/figures/Frontpage_back.png>
Package pdftex.def Info: ./../00_Gesamt/figures/Frontpage_back.png  used on inp
ut line 66.
(pdftex.def)             Requested size: 352.81552pt x 198.64395pt.
 [1



{C:/Users/USER/AppData/Local/MiKTeX/2.9/pdftex/config/pdftex.map} <./../00_Gesa
mt/figures/Frontpage_back.png> <./figures/Header_Seite.png>]) (02_eidesstattlic
he.tex)
(03_kurzfassung.texpdfTeX warning (ext4): destination with the same identifier 
(name{page.i}) has been already used, duplicate ignored
<to be read again> 
                   \relax 
l.1 \chapter
            *{Kurzfassung} [1

]) (04_abstract.tex [2

]) (05_danksagung.tex
[3

])
No file Master.nls.
[4

] (Master.toc [5

]
File: ./figures/Header_Seite.png Graphic file (type png)
<use ./figures/Header_Seite.png>
Package pdftex.def Info: ./figures/Header_Seite.png  used on input line 91.
(pdftex.def)             Requested size: 68.50577pt x 24.08992pt.


Package Fancyhdr Warning: \headheight is too small (12.0pt): 
Make it at least 28.43996pt.
We now make it that large for the rest of the document.
This may cause the page layout to be inconsistent, however.

[6])
\tf@toc=\write6
\openout6 = `Master.toc'.

File: ./figures/Header_Seite.png Graphic file (type png)
<use ./figures/Header_Seite.png>
Package pdftex.def Info: ./figures/Header_Seite.png  used on input line 148.
(pdftex.def)             Requested size: 68.50577pt x 24.08992pt.
 [7] (../10_allgemein/_Doc_A.tex) (../10_allgemein/_Doc.tex
Kapitel 1.
[1


]
Overfull \hbox (1.80756pt too wide) in paragraph at lines 20--21
\OT1/cmr/m/n/12 Form der Au-genh[]ohlen, Na-se, Wan-gen-kno-chen und Kie-fer). 
Po-si-tion/ Verh[]altnisse
 []

) (../20_planung/_Doc_A.tex) (../20_planung/_Doc.tex
File: ./figures/Header_Seite.png Graphic file (type png)
<use ./figures/Header_Seite.png>
Package pdftex.def Info: ./figures/Header_Seite.png  used on input line 1.
(pdftex.def)             Requested size: 68.50577pt x 24.08992pt.
 [2]
Kapitel 2.
[3

]
LaTeX Font Info:    External font `cmex10' loaded for size
(Font)              <7> on input line 71.
LaTeX Font Info:    External font `cmex10' loaded for size
(Font)              <5> on input line 71.
File: ./figures/Header_Seite.png Graphic file (type png)
<use ./figures/Header_Seite.png>
Package pdftex.def Info: ./figures/Header_Seite.png  used on input line 73.
(pdftex.def)             Requested size: 68.50577pt x 24.08992pt.
 [4]
<./figures/Big_Picture.jpg, id=436, 1125.20375pt x 855.195pt>
File: ./figures/Big_Picture.jpg Graphic file (type jpg)
<use ./figures/Big_Picture.jpg>
Package pdftex.def Info: ./figures/Big_Picture.jpg  used on input line 75.
(pdftex.def)             Requested size: 352.81552pt x 268.14818pt.
<./figures/Erklaerung_Erste_Ebene.png, id=437, 551.81157pt x 232.61906pt>
File: ./figures/Erklaerung_Erste_Ebene.png Graphic file (type png)
<use ./figures/Erklaerung_Erste_Ebene.png>
Package pdftex.def Info: ./figures/Erklaerung_Erste_Ebene.png  used on input li
ne 81.
(pdftex.def)             Requested size: 352.81552pt x 148.73724pt.
) (../40_Aron/_Doc_A.tex
File: ./figures/Header_Seite.png Graphic file (type png)
<use ./figures/Header_Seite.png>
Package pdftex.def Info: ./figures/Header_Seite.png  used on input line 1.
(pdftex.def)             Requested size: 68.50577pt x 24.08992pt.
 [5 <./figures/Big_Picture.jpg> <./figures/Erklaerung_Erste_Ebene.png>]) (../40
_Aron/_Doc.tex
File: ./figures/Header_Seite.png Graphic file (type png)
<use ./figures/Header_Seite.png>
Package pdftex.def Info: ./figures/Header_Seite.png  used on input line 1.
(pdftex.def)             Requested size: 68.50577pt x 24.08992pt.
 [6]
Kapitel 3.
[7

]
Underfull \hbox (badness 10000) in paragraph at lines 19--23

 []


Underfull \hbox (badness 10000) in paragraph at lines 26--29

 []


Underfull \hbox (badness 10000) in paragraph at lines 26--29

 []

File: ./figures/Header_Seite.png Graphic file (type png)
<use ./figures/Header_Seite.png>
Package pdftex.def Info: ./figures/Header_Seite.png  used on input line 34.
(pdftex.def)             Requested size: 68.50577pt x 24.08992pt.
[8]
<./../40_Aron/figures/1Ebene.png, id=481, 622.9674pt x 441.8106pt>
File: ./../40_Aron/figures/1Ebene.png Graphic file (type png)
<use ./../40_Aron/figures/1Ebene.png>
Package pdftex.def Info: ./../40_Aron/figures/1Ebene.png  used on input line 46
.
(pdftex.def)             Requested size: 441.01773pt x 312.78435pt.
File: ./figures/Header_Seite.png Graphic file (type png)
<use ./figures/Header_Seite.png>
Package pdftex.def Info: ./figures/Header_Seite.png  used on input line 72.
(pdftex.def)             Requested size: 68.50577pt x 24.08992pt.
 [9]
Overfull \vbox (86.27066pt too high) has occurred while \output is active []

File: ./figures/Header_Seite.png Graphic file (type png)
<use ./figures/Header_Seite.png>
Package pdftex.def Info: ./figures/Header_Seite.png  used on input line 72.
(pdftex.def)             Requested size: 68.50577pt x 24.08992pt.

[10 <./../40_Aron/figures/1Ebene.png>]
Underfull \hbox (badness 10000) in paragraph at lines 77--78

 []


Underfull \hbox (badness 10000) in paragraph at lines 77--78

 []


Underfull \hbox (badness 10000) in paragraph at lines 77--78

 []


("C:\Users\USER\AppData\Local\Programs\MiKTeX 2.9\tex/latex/listings\lstlang1.s
ty"
File: lstlang1.sty 2019/09/10 1.8c listings language file
)
Package hyperref Info: bookmark level for unknown lstlisting defaults to 0 on i
nput line 79.
File: ./figures/Header_Seite.png Graphic file (type png)
<use ./figures/Header_Seite.png>
Package pdftex.def Info: ./figures/Header_Seite.png  used on input line 93.
(pdftex.def)             Requested size: 68.50577pt x 24.08992pt.
 [11]
Underfull \hbox (badness 10000) in paragraph at lines 96--97

 []


Underfull \hbox (badness 10000) in paragraph at lines 96--97

 []


Underfull \hbox (badness 10000) in paragraph at lines 96--97

 []


Underfull \hbox (badness 10000) in paragraph at lines 96--97

 []


Underfull \hbox (badness 10000) in paragraph at lines 96--97

 []


Underfull \hbox (badness 10000) in paragraph at lines 96--97

 []


Underfull \hbox (badness 10000) in paragraph at lines 96--97

 []


Underfull \hbox (badness 10000) in paragraph at lines 96--97

 []


Underfull \hbox (badness 10000) in paragraph at lines 96--97

 []

File: ./figures/Header_Seite.png Graphic file (type png)
<use ./figures/Header_Seite.png>
Package pdftex.def Info: ./figures/Header_Seite.png  used on input line 113.
(pdftex.def)             Requested size: 68.50577pt x 24.08992pt.
[12]
File: ./figures/Header_Seite.png Graphic file (type png)
<use ./figures/Header_Seite.png>
Package pdftex.def Info: ./figures/Header_Seite.png  used on input line 133.
(pdftex.def)             Requested size: 68.50577pt x 24.08992pt.
 [13]
File: ./figures/Header_Seite.png Graphic file (type png)
<use ./figures/Header_Seite.png>
Package pdftex.def Info: ./figures/Header_Seite.png  used on input line 149.
(pdftex.def)             Requested size: 68.50577pt x 24.08992pt.
 [14]
Underfull \hbox (badness 10000) in paragraph at lines 150--154

 []

File: ./figures/Header_Seite.png Graphic file (type png)
<use ./figures/Header_Seite.png>
Package pdftex.def Info: ./figures/Header_Seite.png  used on input line 164.
(pdftex.def)             Requested size: 68.50577pt x 24.08992pt.
[15]
<./../40_Aron/figures/Risikoanalyse1.png, id=567, 1099.10625pt x 569.12625pt>
File: ./../40_Aron/figures/Risikoanalyse1.png Graphic file (type png)
<use ./../40_Aron/figures/Risikoanalyse1.png>
Package pdftex.def Info: ./../40_Aron/figures/Risikoanalyse1.png  used on input
 line 182.
(pdftex.def)             Requested size: 441.01773pt x 228.35857pt.
<./../40_Aron/figures/Risikoanalyse2.png, id=568, 1088.065pt x 363.3575pt>
File: ./../40_Aron/figures/Risikoanalyse2.png Graphic file (type png)
<use ./../40_Aron/figures/Risikoanalyse2.png>
Package pdftex.def Info: ./../40_Aron/figures/Risikoanalyse2.png  used on input
 line 183.
(pdftex.def)             Requested size: 441.01773pt x 147.28094pt.
File: ./figures/Header_Seite.png Graphic file (type png)
<use ./figures/Header_Seite.png>
Package pdftex.def Info: ./figures/Header_Seite.png  used on input line 186.
(pdftex.def)             Requested size: 68.50577pt x 24.08992pt.
 [16]
File: ./figures/Header_Seite.png Graphic file (type png)
<use ./figures/Header_Seite.png>
Package pdftex.def Info: ./figures/Header_Seite.png  used on input line 198.
(pdftex.def)             Requested size: 68.50577pt x 24.08992pt.
 [17 <./../40_Aron/figures/Risikoanalyse1.png> <./../40_Aron/figures/Risikoanal
yse2.png>]) (../70_Jordi/_Doc_A.tex) (../70_Jordi/_Doc.tex
File: ./figures/Header_Seite.png Graphic file (type png)
<use ./figures/Header_Seite.png>
Package pdftex.def Info: ./figures/Header_Seite.png  used on input line 1.
(pdftex.def)             Requested size: 68.50577pt x 24.08992pt.
 [18]
Kapitel 4.
<./../70_Jordi/figures/mysql.jpg, id=597, 401.5pt x 401.5pt>
File: ./../70_Jordi/figures/mysql.jpg Graphic file (type jpg)
<use ./../70_Jordi/figures/mysql.jpg>
Package pdftex.def Info: ./../70_Jordi/figures/mysql.jpg  used on input line 28
.
(pdftex.def)             Requested size: 120.45091pt x 120.45091pt.
[19

]
<./../70_Jordi/figures/mariadb.png, id=609, 281.05pt x 281.05pt>
File: ./../70_Jordi/figures/mariadb.png Graphic file (type png)
<use ./../70_Jordi/figures/mariadb.png>
Package pdftex.def Info: ./../70_Jordi/figures/mariadb.png  used on input line 
46.
(pdftex.def)             Requested size: 84.31564pt x 84.31564pt.
<./../70_Jordi/figures/python.png, id=613, 401.5pt x 401.5pt>
File: ./../70_Jordi/figures/python.png Graphic file (type png)
<use ./../70_Jordi/figures/python.png>
Package pdftex.def Info: ./../70_Jordi/figures/python.png  used on input line 5
7.
(pdftex.def)             Requested size: 120.45091pt x 120.45091pt.
File: ./figures/Header_Seite.png Graphic file (type png)
<use ./figures/Header_Seite.png>
Package pdftex.def Info: ./figures/Header_Seite.png  used on input line 61.
(pdftex.def)             Requested size: 68.50577pt x 24.08992pt.
 [20 <./../70_Jordi/figures/mysql.jpg> <./../70_Jordi/figures/mariadb.png>]
<./../70_Jordi/figures/opencv.png, id=630, 117.3183pt x 144.54pt>
File: ./../70_Jordi/figures/opencv.png Graphic file (type png)
<use ./../70_Jordi/figures/opencv.png>
Package pdftex.def Info: ./../70_Jordi/figures/opencv.png  used on input line 6
7.
(pdftex.def)             Requested size: 35.19576pt x 43.36232pt.
File: ./figures/Header_Seite.png Graphic file (type png)
<use ./figures/Header_Seite.png>
Package pdftex.def Info: ./figures/Header_Seite.png  used on input line 73.
(pdftex.def)             Requested size: 68.50577pt x 24.08992pt.
[21 <./../70_Jordi/figures/python.png> <./../70_Jordi/figures/opencv.png>]
File: ./figures/Header_Seite.png Graphic file (type png)
<use ./figures/Header_Seite.png>
Package pdftex.def Info: ./figures/Header_Seite.png  used on input line 95.
(pdftex.def)             Requested size: 68.50577pt x 24.08992pt.

[22]
<./../70_Jordi/figures/db.png, id=664, 364.36125pt x 268.6035pt>
File: ./../70_Jordi/figures/db.png Graphic file (type png)
<use ./../70_Jordi/figures/db.png>
Package pdftex.def Info: ./../70_Jordi/figures/db.png  used on input line 98.
(pdftex.def)             Requested size: 352.81552pt x 260.10243pt.
File: ./figures/Header_Seite.png Graphic file (type png)
<use ./figures/Header_Seite.png>
Package pdftex.def Info: ./figures/Header_Seite.png  used on input line 112.
(pdftex.def)             Requested size: 68.50577pt x 24.08992pt.
 [23 <./../70_Jordi/figures/db.png>]
File: ./figures/Header_Seite.png Graphic file (type png)
<use ./figures/Header_Seite.png>
Package pdftex.def Info: ./figures/Header_Seite.png  used on input line 130.
(pdftex.def)             Requested size: 68.50577pt x 24.08992pt.
 [24]
File: ./figures/Header_Seite.png Graphic file (type png)
<use ./figures/Header_Seite.png>
Package pdftex.def Info: ./figures/Header_Seite.png  used on input line 139.
(pdftex.def)             Requested size: 68.50577pt x 24.08992pt.
 [25]
<./../70_Jordi/figures/jordiR.jpg, id=689, 963.6pt x 542.025pt>
File: ./../70_Jordi/figures/jordiR.jpg Graphic file (type jpg)
<use ./../70_Jordi/figures/jordiR.jpg>
Package pdftex.def Info: ./../70_Jordi/figures/jordiR.jpg  used on input line 1
44.
(pdftex.def)             Requested size: 396.91325pt x 223.25723pt.
<./../70_Jordi/figures/detected.png, id=690, 165.61874pt x 33.12375pt>
File: ./../70_Jordi/figures/detected.png Graphic file (type png)
<use ./../70_Jordi/figures/detected.png>
Package pdftex.def Info: ./../70_Jordi/figures/detected.png  used on input line
 150.
(pdftex.def)             Requested size: 396.91325pt x 79.39397pt.
File: ./figures/Header_Seite.png Graphic file (type png)
<use ./figures/Header_Seite.png>
Package pdftex.def Info: ./figures/Header_Seite.png  used on input line 155.
(pdftex.def)             Requested size: 68.50577pt x 24.08992pt.
 [26 <./../70_Jordi/figures/jordiR.jpg> <./../70_Jordi/figures/detected.png>]
<./../70_Jordi/figures/kind.jpg, id=702, 963.6pt x 542.025pt>
File: ./../70_Jordi/figures/kind.jpg Graphic file (type jpg)
<use ./../70_Jordi/figures/kind.jpg>
Package pdftex.def Info: ./../70_Jordi/figures/kind.jpg  used on input line 159
.
(pdftex.def)             Requested size: 396.91325pt x 223.25723pt.
<./../70_Jordi/figures/ndetected.png, id=703, 166.82326pt x 22.28325pt>
File: ./../70_Jordi/figures/ndetected.png Graphic file (type png)
<use ./../70_Jordi/figures/ndetected.png>
Package pdftex.def Info: ./../70_Jordi/figures/ndetected.png  used on input lin
e 165.
(pdftex.def)             Requested size: 396.91325pt x 53.02045pt.
<./../70_Jordi/figures/time1.png, id=708, 215.00325pt x 63.8385pt>
File: ./../70_Jordi/figures/time1.png Graphic file (type png)
<use ./../70_Jordi/figures/time1.png>
Package pdftex.def Info: ./../70_Jordi/figures/time1.png  used on input line 17
4.
(pdftex.def)             Requested size: 190.51665pt x 56.56865pt.
<./../70_Jordi/figures/time2.png, id=709, 222.8325pt x 61.4295pt>
File: ./../70_Jordi/figures/time2.png Graphic file (type png)
<use ./../70_Jordi/figures/time2.png>
Package pdftex.def Info: ./../70_Jordi/figures/time2.png  used on input line 18
0.
(pdftex.def)             Requested size: 190.51665pt x 52.52087pt.
<./../70_Jordi/figures/time3.png, id=710, 210.7875pt x 63.23625pt>
File: ./../70_Jordi/figures/time3.png Graphic file (type png)
<use ./../70_Jordi/figures/time3.png>
Package pdftex.def Info: ./../70_Jordi/figures/time3.png  used on input line 18
8.
(pdftex.def)             Requested size: 190.51665pt x 57.1562pt.
<./../70_Jordi/figures/time4.png, id=711, 211.992pt x 64.44075pt>
File: ./../70_Jordi/figures/time4.png Graphic file (type png)
<use ./../70_Jordi/figures/time4.png>
Package pdftex.def Info: ./../70_Jordi/figures/time4.png  used on input line 19
4.
(pdftex.def)             Requested size: 190.51665pt x 57.9145pt.
File: ./figures/Header_Seite.png Graphic file (type png)
<use ./figures/Header_Seite.png>
Package pdftex.def Info: ./figures/Header_Seite.png  used on input line 199.
(pdftex.def)             Requested size: 68.50577pt x 24.08992pt.
 [27 <./../70_Jordi/figures/kind.jpg> <./../70_Jordi/figures/ndetected.png> <./
../70_Jordi/figures/time1.png> <./../70_Jordi/figures/time2.png>]
<./../70_Jordi/figures/fehler1.png, id=726, 441.44925pt x 34.9305pt>
File: ./../70_Jordi/figures/fehler1.png Graphic file (type png)
<use ./../70_Jordi/figures/fehler1.png>
Package pdftex.def Info: ./../70_Jordi/figures/fehler1.png  used on input line 
218.
(pdftex.def)             Requested size: 396.91325pt x 31.40677pt.
File: ./figures/Header_Seite.png Graphic file (type png)
<use ./figures/Header_Seite.png>
Package pdftex.def Info: ./figures/Header_Seite.png  used on input line 222.
(pdftex.def)             Requested size: 68.50577pt x 24.08992pt.
 [28 <./../70_Jordi/figures/time3.png> <./../70_Jordi/figures/time4.png>]
<./../70_Jordi/figures/disp1.png, id=737, 564.30824pt x 210.7875pt>
File: ./../70_Jordi/figures/disp1.png Graphic file (type png)
<use ./../70_Jordi/figures/disp1.png>
Package pdftex.def Info: ./../70_Jordi/figures/disp1.png  used on input line 22
6.
(pdftex.def)             Requested size: 352.81552pt x 131.79332pt.
<./../70_Jordi/figures/disp.png, id=740, 419.76825pt x 313.77225pt>
File: ./../70_Jordi/figures/disp.png Graphic file (type png)
<use ./../70_Jordi/figures/disp.png>
Package pdftex.def Info: ./../70_Jordi/figures/disp.png  used on input line 232
.
(pdftex.def)             Requested size: 198.45662pt x 148.34435pt.
<./../70_Jordi/figures/matlib.jpg, id=744, 383.93437pt x 396.7322pt>
File: ./../70_Jordi/figures/matlib.jpg Graphic file (type jpg)
<use ./../70_Jordi/figures/matlib.jpg>
Package pdftex.def Info: ./../70_Jordi/figures/matlib.jpg  used on input line 2
40.
(pdftex.def)             Requested size: 308.71106pt x 319.02066pt.
File: ./figures/Header_Seite.png Graphic file (type png)
<use ./figures/Header_Seite.png>
Package pdftex.def Info: ./figures/Header_Seite.png  used on input line 244.
(pdftex.def)             Requested size: 68.50577pt x 24.08992pt.
 [29 <./../70_Jordi/figures/fehler1.png> <./../70_Jordi/figures/disp1.png> <./.
./70_Jordi/figures/disp.png>]
File: ./figures/Header_Seite.png Graphic file (type png)
<use ./figures/Header_Seite.png>
Package pdftex.def Info: ./figures/Header_Seite.png  used on input line 247.
(pdftex.def)             Requested size: 68.50577pt x 24.08992pt.
 [30 <./../70_Jordi/figures/matlib.jpg>]
<./../70_Jordi/figures/jordiL.jpg, id=767, 963.6pt x 542.025pt>
File: ./../70_Jordi/figures/jordiL.jpg Graphic file (type jpg)
<use ./../70_Jordi/figures/jordiL.jpg>
Package pdftex.def Info: ./../70_Jordi/figures/jordiL.jpg  used on input line 2
52.
(pdftex.def)             Requested size: 190.51665pt x 107.16248pt.
File: ./../70_Jordi/figures/jordiR.jpg Graphic file (type jpg)
<use ./../70_Jordi/figures/jordiR.jpg>
Package pdftex.def Info: ./../70_Jordi/figures/jordiR.jpg  used on input line 2
58.
(pdftex.def)             Requested size: 190.51665pt x 107.16248pt.
<./../70_Jordi/figures/dispgood.jpg, id=768, 1284.8pt x 722.7pt>
File: ./../70_Jordi/figures/dispgood.jpg Graphic file (type jpg)
<use ./../70_Jordi/figures/dispgood.jpg>
Package pdftex.def Info: ./../70_Jordi/figures/dispgood.jpg  used on input line
 264.
(pdftex.def)             Requested size: 396.91325pt x 223.26276pt.
<./../70_Jordi/figures/frameL.jpg, id=770, 642.4pt x 481.8pt>
File: ./../70_Jordi/figures/frameL.jpg Graphic file (type jpg)
<use ./../70_Jordi/figures/frameL.jpg>
Package pdftex.def Info: ./../70_Jordi/figures/frameL.jpg  used on input line 2
71.
(pdftex.def)             Requested size: 148.17998pt x 111.13513pt.
<./../70_Jordi/figures/frameR.jpg, id=771, 642.4pt x 481.8pt>
File: ./../70_Jordi/figures/frameR.jpg Graphic file (type jpg)
<use ./../70_Jordi/figures/frameR.jpg>
Package pdftex.def Info: ./../70_Jordi/figures/frameR.jpg  used on input line 2
76.
(pdftex.def)             Requested size: 148.17998pt x 111.13513pt.
<./../70_Jordi/figures/dispbad.jpg, id=772, 642.4pt x 481.8pt>
File: ./../70_Jordi/figures/dispbad.jpg Graphic file (type jpg)
<use ./../70_Jordi/figures/dispbad.jpg>
Package pdftex.def Info: ./../70_Jordi/figures/dispbad.jpg  used on input line 
282.
(pdftex.def)             Requested size: 308.71106pt x 231.54073pt.
File: ./figures/Header_Seite.png Graphic file (type png)
<use ./figures/Header_Seite.png>
Package pdftex.def Info: ./figures/Header_Seite.png  used on input line 286.
(pdftex.def)             Requested size: 68.50577pt x 24.08992pt.
 [31 <./../70_Jordi/figures/jordiL.jpg> <./../70_Jordi/figures/dispgood.jpg> <.
/../70_Jordi/figures/frameL.jpg> <./../70_Jordi/figures/frameR.jpg>]
Underfull \hbox (badness 10000) in paragraph at lines 290--292

 []

File: ./figures/Header_Seite.png Graphic file (type png)
<use ./figures/Header_Seite.png>
Package pdftex.def Info: ./figures/Header_Seite.png  used on input line 303.
(pdftex.def)             Requested size: 68.50577pt x 24.08992pt.
[32 <./../70_Jordi/figures/dispbad.jpg>]
Underfull \hbox (badness 10000) in paragraph at lines 304--306

 []


Underfull \hbox (badness 10000) in paragraph at lines 304--306

 []

<./../70_Jordi/figures/pdca.png, id=790, 211.992pt x 197.538pt>
File: ./../70_Jordi/figures/pdca.png Graphic file (type png)
<use ./../70_Jordi/figures/pdca.png>
Package pdftex.def Info: ./../70_Jordi/figures/pdca.png  used on input line 321
.
(pdftex.def)             Requested size: 308.71106pt x 287.69171pt.
File: ./figures/Header_Seite.png Graphic file (type png)
<use ./figures/Header_Seite.png>
Package pdftex.def Info: ./figures/Header_Seite.png  used on input line 329.
(pdftex.def)             Requested size: 68.50577pt x 24.08992pt.
[33]
Overfull \hbox (10.11928pt too wide) in paragraph at lines 333--334
\OT1/cmr/m/n/12 jekts wur-den Re-cher-chen []uber ver-schie-de-nen Ar-ten von G
esichtserkennungs-Datenbanken
 []

File: ./figures/Header_Seite.png Graphic file (type png)
<use ./figures/Header_Seite.png>
Package pdftex.def Info: ./figures/Header_Seite.png  used on input line 343.
(pdftex.def)             Requested size: 68.50577pt x 24.08992pt.
[34 <./../70_Jordi/figures/pdca.png>])
File: ./figures/Header_Seite.png Graphic file (type png)
<use ./figures/Header_Seite.png>
Package pdftex.def Info: ./figures/Header_Seite.png  used on input line 167.
(pdftex.def)             Requested size: 68.50577pt x 24.08992pt.
 [35] (../50_egli/_Doc_A.tex)
(../50_egli/_Doc.tex
Kapitel 5.

Underfull \hbox (badness 10000) in paragraph at lines 21--28

 []


Underfull \hbox (badness 10000) in paragraph at lines 29--40

 []

[36

]
<./../50_egli/figures/dlib.png, id=830, 479.391pt x 342.078pt>
File: ./../50_egli/figures/dlib.png Graphic file (type png)
<use ./../50_egli/figures/dlib.png>
Package pdftex.def Info: ./../50_egli/figures/dlib.png  used on input line 101.

(pdftex.def)             Requested size: 95.8765pt x 68.41438pt.

Overfull \hbox (0.34717pt too wide) in paragraph at lines 111--129
\OT1/cmr/m/n/12 Bei der Ge-sichts-re-gis-trie-rungs und Ge-sichts-er-ken-nungs 
Di-plom-ar-beit war es ei-ne schwie-
 []

File: ./figures/Header_Seite.png Graphic file (type png)
<use ./figures/Header_Seite.png>
Package pdftex.def Info: ./figures/Header_Seite.png  used on input line 129.
(pdftex.def)             Requested size: 68.50577pt x 24.08992pt.
[37 <./../50_egli/figures/dlib.png>]
<./../50_egli/figures/bildverarbeitung.png, id=845, 1085.05376pt x 885.3075pt>
File: ./../50_egli/figures/bildverarbeitung.png Graphic file (type png)
<use ./../50_egli/figures/bildverarbeitung.png>
Package pdftex.def Info: ./../50_egli/figures/bildverarbeitung.png  used on inp
ut line 135.
(pdftex.def)             Requested size: 441.01773pt x 359.8309pt.
<./../50_egli/figures/Erklaerung_Erste_Ebene.png, id=846, 551.81157pt x 232.619
06pt>
File: ./../50_egli/figures/Erklaerung_Erste_Ebene.png Graphic file (type png)
<use ./../50_egli/figures/Erklaerung_Erste_Ebene.png>
Package pdftex.def Info: ./../50_egli/figures/Erklaerung_Erste_Ebene.png  used 
on input line 141.
(pdftex.def)             Requested size: 441.01773pt x 185.92157pt.
File: ./figures/Header_Seite.png Graphic file (type png)
<use ./figures/Header_Seite.png>
Package pdftex.def Info: ./figures/Header_Seite.png  used on input line 145.
(pdftex.def)             Requested size: 68.50577pt x 24.08992pt.
 [38 <./../50_egli/figures/bildverarbeitung.png>]
File: ./figures/Header_Seite.png Graphic file (type png)
<use ./figures/Header_Seite.png>
Package pdftex.def Info: ./figures/Header_Seite.png  used on input line 180.
(pdftex.def)             Requested size: 68.50577pt x 24.08992pt.
 [39 <./../50_egli/figures/Erklaerung_Erste_Ebene.png>]
Underfull \hbox (badness 10000) in paragraph at lines 194--195

 []

<./../50_egli/figures/haar_features.jpg, id=871, 321.2pt x 272.01625pt>
File: ./../50_egli/figures/haar_features.jpg Graphic file (type jpg)
<use ./../50_egli/figures/haar_features.jpg>
Package pdftex.def Info: ./../50_egli/figures/haar_features.jpg  used on input 
line 208.
(pdftex.def)             Requested size: 256.96034pt x 217.61328pt.
<./../50_egli/figures/haar.png, id=875, 335.2525pt x 203.76125pt>
File: ./../50_egli/figures/haar.png Graphic file (type png)
<use ./../50_egli/figures/haar.png>
Package pdftex.def Info: ./../50_egli/figures/haar.png  used on input line 220.

(pdftex.def)             Requested size: 268.20236pt x 163.0092pt.
File: ./figures/Header_Seite.png Graphic file (type png)
<use ./figures/Header_Seite.png>
Package pdftex.def Info: ./figures/Header_Seite.png  used on input line 224.
(pdftex.def)             Requested size: 68.50577pt x 24.08992pt.
[40 <./../50_egli/figures/haar_features.jpg>]
Underfull \hbox (badness 10000) in paragraph at lines 225--228

 []


Underfull \hbox (badness 10000) in paragraph at lines 236--238

 []


Overfull \hbox (13.69034pt too wide) in paragraph at lines 257--291
[]\OT1/cmr/m/n/12 Es wur-de die trai-nier-te Klassifikator-XML-Datei (haar-cas-
ca-de[]frontalface[]default.xml)
 []


Underfull \hbox (badness 10000) in paragraph at lines 257--291

 []

File: ./figures/Header_Seite.png Graphic file (type png)
<use ./figures/Header_Seite.png>
Package pdftex.def Info: ./figures/Header_Seite.png  used on input line 291.
(pdftex.def)             Requested size: 68.50577pt x 24.08992pt.
[41 <./../50_egli/figures/haar.png (PNG copy)>]
<./../50_egli/figures/aronfd.png, id=907, 324.46219pt x 261.97874pt>
File: ./../50_egli/figures/aronfd.png Graphic file (type png)
<use ./../50_egli/figures/aronfd.png>
Package pdftex.def Info: ./../50_egli/figures/aronfd.png  used on input line 29
5.
(pdftex.def)             Requested size: 194.6788pt x 157.18845pt.
File: ./figures/Header_Seite.png Graphic file (type png)
<use ./figures/Header_Seite.png>
Package pdftex.def Info: ./figures/Header_Seite.png  used on input line 321.
(pdftex.def)             Requested size: 68.50577pt x 24.08992pt.
 [42 <./../50_egli/figures/aronfd.png>]
Underfull \hbox (badness 10000) in paragraph at lines 341--347

 []


Underfull \hbox (badness 10000) in paragraph at lines 348--352

 []


Underfull \hbox (badness 10000) in paragraph at lines 353--357

 []


Underfull \hbox (badness 10000) in paragraph at lines 358--362

 []


Underfull \hbox (badness 10000) in paragraph at lines 363--365

 []

File: ./figures/Header_Seite.png Graphic file (type png)
<use ./figures/Header_Seite.png>
Package pdftex.def Info: ./figures/Header_Seite.png  used on input line 373.
(pdftex.def)             Requested size: 68.50577pt x 24.08992pt.
[43]
Underfull \hbox (badness 10000) in paragraph at lines 377--381

 []


Overfull \hbox (0.8999pt too wide) in paragraph at lines 382--386
[]\OT1/cmr/m/n/12 Sie wer-den dann in Ar-rays ge-spei-chert und aus de-nen wird
 die []Ahnlichkeitstransform
 []


Underfull \hbox (badness 10000) in paragraph at lines 382--386

 []


Overfull \hbox (7.43541pt too wide) in paragraph at lines 387--394
\OT1/cmr/m/n/12 schr[]ankt sind. Ver-wen-det den aus-gew[]ahlten Al-go-rith-mus
 f[]ur ei-ne ro-bus-te Sch[]atzung."[[]30[]] 
 []


Underfull \hbox (badness 10000) in paragraph at lines 387--394

 []


Underfull \hbox (badness 10000) in paragraph at lines 420--435

 []

File: ./figures/Header_Seite.png Graphic file (type png)
<use ./figures/Header_Seite.png>
Package pdftex.def Info: ./figures/Header_Seite.png  used on input line 435.
(pdftex.def)             Requested size: 68.50577pt x 24.08992pt.
[44]
Underfull \hbox (badness 10000) in paragraph at lines 436--450

 []

<./../50_egli/figures/NewAron4.jpg, id=962, 272.01625pt x 272.01625pt>
File: ./../50_egli/figures/NewAron4.jpg Graphic file (type jpg)
<use ./../50_egli/figures/NewAron4.jpg>
Package pdftex.def Info: ./../50_egli/figures/NewAron4.jpg  used on input line 
462.
(pdftex.def)             Requested size: 136.00778pt x 136.00778pt.
<./../50_egli/figures/alignedAronCropped.jpg, id=963, 434.62375pt x 434.62375pt
>
File: ./../50_egli/figures/alignedAronCropped.jpg Graphic file (type jpg)
<use ./../50_egli/figures/alignedAronCropped.jpg>
Package pdftex.def Info: ./../50_egli/figures/alignedAronCropped.jpg  used on i
nput line 465.
(pdftex.def)             Requested size: 136.9072pt x 136.9072pt.
<./../50_egli/figures/Neworens1.jpg, id=964, 198.7425pt x 198.7425pt>
File: ./../50_egli/figures/Neworens1.jpg Graphic file (type jpg)
<use ./../50_egli/figures/Neworens1.jpg>
Package pdftex.def Info: ./../50_egli/figures/Neworens1.jpg  used on input line
 474.
(pdftex.def)             Requested size: 139.11879pt x 139.11879pt.
<./../50_egli/figures/alignedorens1Cropped.jpg, id=965, 445.665pt x 445.665pt>
File: ./../50_egli/figures/alignedorens1Cropped.jpg Graphic file (type jpg)
<use ./../50_egli/figures/alignedorens1Cropped.jpg>
Package pdftex.def Info: ./../50_egli/figures/alignedorens1Cropped.jpg  used on
 input line 477.
(pdftex.def)             Requested size: 140.38521pt x 140.38521pt.
File: ./figures/Header_Seite.png Graphic file (type png)
<use ./figures/Header_Seite.png>
Package pdftex.def Info: ./figures/Header_Seite.png  used on input line 481.
(pdftex.def)             Requested size: 68.50577pt x 24.08992pt.
[45 <./../50_egli/figures/NewAron4.jpg> <./../50_egli/figures/alignedAronCroppe
d.jpg>]
Underfull \hbox (badness 10000) in paragraph at lines 489--490

 []


Underfull \hbox (badness 10000) in paragraph at lines 510--511

 []


Underfull \hbox (badness 10000) in paragraph at lines 512--517

 []


Underfull \hbox (badness 10000) in paragraph at lines 518--523

 []

<./../50_egli/figures/aroncropped.jpg, id=984, 155.58125pt x 155.58125pt>
File: ./../50_egli/figures/aroncropped.jpg Graphic file (type jpg)
<use ./../50_egli/figures/aroncropped.jpg>
Package pdftex.def Info: ./../50_egli/figures/aroncropped.jpg  used on input li
ne 526.
(pdftex.def)             Requested size: 93.34946pt x 93.34946pt.
File: ./figures/Header_Seite.png Graphic file (type png)
<use ./figures/Header_Seite.png>
Package pdftex.def Info: ./figures/Header_Seite.png  used on input line 529.
(pdftex.def)             Requested size: 68.50577pt x 24.08992pt.
[46 <./../50_egli/figures/Neworens1.jpg> <./../50_egli/figures/alignedorens1Cro
pped.jpg>]
Underfull \hbox (badness 10000) in paragraph at lines 538--548

 []


Underfull \hbox (badness 10000) in paragraph at lines 549--555

 []

<./../50_egli/figures/landmarks.png, id=1013, 415.5525pt x 395.4775pt>
File: ./../50_egli/figures/landmarks.png Graphic file (type png)
<use ./../50_egli/figures/landmarks.png>
Package pdftex.def Info: ./../50_egli/figures/landmarks.png  used on input line
 557.
(pdftex.def)             Requested size: 207.77574pt x 197.73827pt.
File: ./figures/Header_Seite.png Graphic file (type png)
<use ./figures/Header_Seite.png>
Package pdftex.def Info: ./figures/Header_Seite.png  used on input line 562.
(pdftex.def)             Requested size: 68.50577pt x 24.08992pt.
[47 <./../50_egli/figures/aroncropped.jpg>]
<./../50_egli/figures/pikat.png, id=1026, 577.40718pt x 300.3722pt>
File: ./../50_egli/figures/pikat.png Graphic file (type png)
<use ./../50_egli/figures/pikat.png>
Package pdftex.def Info: ./../50_egli/figures/pikat.png  used on input line 570
.
(pdftex.def)             Requested size: 461.92638pt x 240.29807pt.

Overfull \hbox (20.90865pt too wide) in paragraph at lines 570--572
 [][] 
 []


Underfull \hbox (badness 10000) in paragraph at lines 563--574

 []


Underfull \hbox (badness 10000) in paragraph at lines 577--579

 []

File: ./figures/Header_Seite.png Graphic file (type png)
<use ./figures/Header_Seite.png>
Package pdftex.def Info: ./figures/Header_Seite.png  used on input line 582.
(pdftex.def)             Requested size: 68.50577pt x 24.08992pt.
[48 <./../50_egli/figures/landmarks.png (PNG copy)> <./../50_egli/figures/pikat
.png>]
Overfull \hbox (9.22018pt too wide) in paragraph at lines 582--582
[]\OT1/cmr/bx/n/17.28 Herausforderungen, Pro-ble-me und de-ren L[]osung 
 []


Underfull \hbox (badness 10000) in paragraph at lines 586--597

 []


Underfull \hbox (badness 10000) in paragraph at lines 598--602

 []


Underfull \hbox (badness 10000) in paragraph at lines 603--608

 []


Underfull \hbox (badness 10000) in paragraph at lines 609--613

 []


Underfull \hbox (badness 10000) in paragraph at lines 614--621

 []


Underfull \hbox (badness 10000) in paragraph at lines 628--631

 []


Underfull \hbox (badness 10000) in paragraph at lines 642--645

 []

File: ./figures/Header_Seite.png Graphic file (type png)
<use ./figures/Header_Seite.png>
Package pdftex.def Info: ./figures/Header_Seite.png  used on input line 645.
(pdftex.def)             Requested size: 68.50577pt x 24.08992pt.
[49]
Underfull \hbox (badness 10000) in paragraph at lines 646--651

 []


Underfull \hbox (badness 10000) in paragraph at lines 652--655

 []


Overfull \hbox (11.1882pt too wide) in paragraph at lines 656--658
[]\OT1/cmr/m/n/12 Eine Pro-blem-stel-lung: []Seg-men-ta-ti-on fault\ beim Fin-d
en von Key-po-ints mit FAST[][][].\ 
 []


Underfull \hbox (badness 10000) in paragraph at lines 677--678

 []

File: ./figures/Header_Seite.png Graphic file (type png)
<use ./figures/Header_Seite.png>
Package pdftex.def Info: ./figures/Header_Seite.png  used on input line 706.
(pdftex.def)             Requested size: 68.50577pt x 24.08992pt.
[50]
Underfull \hbox (badness 10000) in paragraph at lines 715--716

 []


Underfull \hbox (badness 10000) in paragraph at lines 720--721

 []


Underfull \hbox (badness 10000) in paragraph at lines 721--722

 []

File: ./figures/Header_Seite.png Graphic file (type png)
<use ./figures/Header_Seite.png>
Package pdftex.def Info: ./figures/Header_Seite.png  used on input line 748.
(pdftex.def)             Requested size: 68.50577pt x 24.08992pt.
[51]) (../40_rei/_Doc_A.tex) (../40_rei/_Doc.tex
File: ./figures/Header_Seite.png Graphic file (type png)
<use ./figures/Header_Seite.png>
Package pdftex.def Info: ./figures/Header_Seite.png  used on input line 1.
(pdftex.def)             Requested size: 68.50577pt x 24.08992pt.
 [52]
Kapitel 6.
<./../40_rei/figures/Capture.png, id=1064, 404.26031pt x 294.34969pt>
File: ./../40_rei/figures/Capture.png Graphic file (type png)
<use ./../40_rei/figures/Capture.png>
Package pdftex.def Info: ./../40_rei/figures/Capture.png  used on input line 15
.
(pdftex.def)             Requested size: 441.01773pt x 321.11774pt.
[53

]
File: ./figures/Header_Seite.png Graphic file (type png)
<use ./figures/Header_Seite.png>
Package pdftex.def Info: ./figures/Header_Seite.png  used on input line 28.
(pdftex.def)             Requested size: 68.50577pt x 24.08992pt.
 [54 <./../40_rei/figures/Capture.png>]
File: ./figures/Header_Seite.png Graphic file (type png)
<use ./figures/Header_Seite.png>
Package pdftex.def Info: ./figures/Header_Seite.png  used on input line 42.
(pdftex.def)             Requested size: 68.50577pt x 24.08992pt.
 [55]
<./../40_rei/figures/Schaltplan.png, id=1104, 989.94844pt x 455.45157pt>
File: ./../40_rei/figures/Schaltplan.png Graphic file (type png)
<use ./../40_rei/figures/Schaltplan.png>
Package pdftex.def Info: ./../40_rei/figures/Schaltplan.png  used on input line
 48.
(pdftex.def)             Requested size: 441.01773pt x 202.90117pt.
File: ./figures/Header_Seite.png Graphic file (type png)
<use ./figures/Header_Seite.png>
Package pdftex.def Info: ./figures/Header_Seite.png  used on input line 54.
(pdftex.def)             Requested size: 68.50577pt x 24.08992pt.
 [56 <./../40_rei/figures/Schaltplan.png>]
File: ./figures/Header_Seite.png Graphic file (type png)
<use ./figures/Header_Seite.png>
Package pdftex.def Info: ./figures/Header_Seite.png  used on input line 98.
(pdftex.def)             Requested size: 68.50577pt x 24.08992pt.
 [57]
Underfull \hbox (badness 10000) in paragraph at lines 115--116

 []

<./../40_rei/figures/diplom_11Ebene.png, id=1130, 945.5325pt x 563.10374pt>
File: ./../40_rei/figures/diplom_11Ebene.png Graphic file (type png)
<use ./../40_rei/figures/diplom_11Ebene.png>
Package pdftex.def Info: ./../40_rei/figures/diplom_11Ebene.png  used on input 
line 118.
(pdftex.def)             Requested size: 441.01773pt x 262.64821pt.

Underfull \hbox (badness 10000) in paragraph at lines 123--124

 []

<./../40_rei/figures/Erklaerung_Erste_Ebene.png, id=1132, 676.77844pt x 236.383
12pt>
File: ./../40_rei/figures/Erklaerung_Erste_Ebene.png Graphic file (type png)
<use ./../40_rei/figures/Erklaerung_Erste_Ebene.png>
Package pdftex.def Info: ./../40_rei/figures/Erklaerung_Erste_Ebene.png  used o
n input line 126.
(pdftex.def)             Requested size: 441.01773pt x 154.04036pt.
File: ./figures/Header_Seite.png Graphic file (type png)
<use ./figures/Header_Seite.png>
Package pdftex.def Info: ./figures/Header_Seite.png  used on input line 130.
(pdftex.def)             Requested size: 68.50577pt x 24.08992pt.
[58 <./../40_rei/figures/diplom_11Ebene.png>]
Underfull \hbox (badness 10000) in paragraph at lines 131--132

 []


Underfull \hbox (badness 10000) in paragraph at lines 137--138

 []


Underfull \hbox (badness 10000) in paragraph at lines 145--146

 []


Underfull \hbox (badness 10000) in paragraph at lines 150--151

 []

File: ./figures/Header_Seite.png Graphic file (type png)
<use ./figures/Header_Seite.png>
Package pdftex.def Info: ./figures/Header_Seite.png  used on input line 151.
(pdftex.def)             Requested size: 68.50577pt x 24.08992pt.
[59 <./../40_rei/figures/Erklaerung_Erste_Ebene.png>]
Underfull \hbox (badness 10000) in paragraph at lines 163--164

 []


Underfull \hbox (badness 10000) in paragraph at lines 167--168

 []


Underfull \hbox (badness 10000) in paragraph at lines 171--172

 []


Underfull \hbox (badness 10000) in paragraph at lines 175--176

 []

File: ./figures/Header_Seite.png Graphic file (type png)
<use ./figures/Header_Seite.png>
Package pdftex.def Info: ./figures/Header_Seite.png  used on input line 176.
(pdftex.def)             Requested size: 68.50577pt x 24.08992pt.
[60]
Underfull \hbox (badness 10000) in paragraph at lines 177--178

 []


Underfull \hbox (badness 10000) in paragraph at lines 193--194

 []


Underfull \hbox (badness 10000) in paragraph at lines 195--197

 []

File: ./figures/Header_Seite.png Graphic file (type png)
<use ./figures/Header_Seite.png>
Package pdftex.def Info: ./figures/Header_Seite.png  used on input line 205.
(pdftex.def)             Requested size: 68.50577pt x 24.08992pt.
[61]
Underfull \hbox (badness 10000) in paragraph at lines 208--209

 []


Underfull \hbox (badness 10000) in paragraph at lines 212--213

 []


Overfull \hbox (7.29416pt too wide) in paragraph at lines 215--217
\OT1/cmr/m/n/12 Nachdem der Start-punkt fest-ge-legt wur-de, be-ginnt der Ver-g
leich der Abst[]ande
 []

<./../40_rei/figures/Vergleichsweg.png, id=1200, 341.77687pt x 343.2825pt>
File: ./../40_rei/figures/Vergleichsweg.png Graphic file (type png)
<use ./../40_rei/figures/Vergleichsweg.png>
Package pdftex.def Info: ./../40_rei/figures/Vergleichsweg.png  used on input l
ine 221.
(pdftex.def)             Requested size: 308.71106pt x 310.09328pt.
File: ./figures/Header_Seite.png Graphic file (type png)
<use ./figures/Header_Seite.png>
Package pdftex.def Info: ./figures/Header_Seite.png  used on input line 225.
(pdftex.def)             Requested size: 68.50577pt x 24.08992pt.
[62]
Underfull \hbox (badness 10000) in paragraph at lines 226--229

 []


Underfull \hbox (badness 10000) in paragraph at lines 230--231

 []


Underfull \hbox (badness 10000) in paragraph at lines 232--234

 []

File: ./figures/Header_Seite.png Graphic file (type png)
<use ./figures/Header_Seite.png>
Package pdftex.def Info: ./figures/Header_Seite.png  used on input line 234.
(pdftex.def)             Requested size: 68.50577pt x 24.08992pt.
[63 <./../40_rei/figures/Vergleichsweg.png>]
Underfull \hbox (badness 10000) in paragraph at lines 257--258

 []


Underfull \hbox (badness 10000) in paragraph at lines 259--261

 []

<./../40_rei/figures/geometrischesM.png, id=1220, 282.30469pt x 37.64063pt>
File: ./../40_rei/figures/geometrischesM.png Graphic file (type png)
<use ./../40_rei/figures/geometrischesM.png>
Package pdftex.def Info: ./../40_rei/figures/geometrischesM.png  used on input 
line 266.
(pdftex.def)             Requested size: 308.71106pt x 41.16472pt.
File: ./figures/Header_Seite.png Graphic file (type png)
<use ./figures/Header_Seite.png>
Package pdftex.def Info: ./figures/Header_Seite.png  used on input line 274.
(pdftex.def)             Requested size: 68.50577pt x 24.08992pt.
[64 <./../40_rei/figures/geometrischesM.png>]
Underfull \hbox (badness 10000) in paragraph at lines 288--289

 []


Underfull \hbox (badness 10000) in paragraph at lines 291--292

 []


Underfull \hbox (badness 10000) in paragraph at lines 295--296

 []


Underfull \hbox (badness 10000) in paragraph at lines 300--301

 []

<./../40_rei/figures/1_Fall.png, id=1249, 532.99126pt x 314.67563pt>
File: ./../40_rei/figures/1_Fall.png Graphic file (type png)
<use ./../40_rei/figures/1_Fall.png>
Package pdftex.def Info: ./../40_rei/figures/1_Fall.png  used on input line 304
.
(pdftex.def)             Requested size: 308.71106pt x 182.2671pt.
File: ./figures/Header_Seite.png Graphic file (type png)
<use ./figures/Header_Seite.png>
Package pdftex.def Info: ./figures/Header_Seite.png  used on input line 308.
(pdftex.def)             Requested size: 68.50577pt x 24.08992pt.
[65]
Underfull \hbox (badness 10000) in paragraph at lines 309--310

 []


Underfull \hbox (badness 10000) in paragraph at lines 311--312

 []


Underfull \hbox (badness 10000) in paragraph at lines 313--314

 []

File: ./figures/Header_Seite.png Graphic file (type png)
<use ./figures/Header_Seite.png>
Package pdftex.def Info: ./figures/Header_Seite.png  used on input line 341.
(pdftex.def)             Requested size: 68.50577pt x 24.08992pt.
[66 <./../40_rei/figures/1_Fall.png>]
Underfull \hbox (badness 10000) in paragraph at lines 348--349

 []

<./../40_rei/figures/2_Fall.png, id=1306, 520.94624pt x 353.06906pt>
File: ./../40_rei/figures/2_Fall.png Graphic file (type png)
<use ./../40_rei/figures/2_Fall.png>
Package pdftex.def Info: ./../40_rei/figures/2_Fall.png  used on input line 352
.
(pdftex.def)             Requested size: 308.71106pt x 209.23018pt.

Underfull \hbox (badness 10000) in paragraph at lines 357--358

 []


Underfull \hbox (badness 10000) in paragraph at lines 359--360

 []


Underfull \hbox (badness 10000) in paragraph at lines 361--362

 []

File: ./figures/Header_Seite.png Graphic file (type png)
<use ./figures/Header_Seite.png>
Package pdftex.def Info: ./figures/Header_Seite.png  used on input line 376.
(pdftex.def)             Requested size: 68.50577pt x 24.08992pt.
[67 <./../40_rei/figures/2_Fall.png>]
Underfull \hbox (badness 10000) in paragraph at lines 389--390

 []

<./../40_rei/figures/3_Fall.png, id=1334, 532.23843pt x 226.59656pt>
File: ./../40_rei/figures/3_Fall.png Graphic file (type png)
<use ./../40_rei/figures/3_Fall.png>
Package pdftex.def Info: ./../40_rei/figures/3_Fall.png  used on input line 393
.
(pdftex.def)             Requested size: 308.71106pt x 131.433pt.

Underfull \hbox (badness 10000) in paragraph at lines 398--399

 []


Underfull \hbox (badness 10000) in paragraph at lines 400--401

 []


Underfull \hbox (badness 10000) in paragraph at lines 402--403

 []


Underfull \hbox (badness 10000) in paragraph at lines 419--420

 []

File: ./figures/Header_Seite.png Graphic file (type png)
<use ./figures/Header_Seite.png>
Package pdftex.def Info: ./figures/Header_Seite.png  used on input line 422.
(pdftex.def)             Requested size: 68.50577pt x 24.08992pt.
[68 <./../40_rei/figures/3_Fall.png>]
Underfull \hbox (badness 10000) in paragraph at lines 423--424

 []


Underfull \hbox (badness 10000) in paragraph at lines 424--425

 []


Underfull \hbox (badness 10000) in paragraph at lines 427--428

 []


Underfull \hbox (badness 10000) in paragraph at lines 442--443

 []


Underfull \hbox (badness 10000) in paragraph at lines 444--445

 []


Underfull \hbox (badness 10000) in paragraph at lines 446--447

 []


Underfull \hbox (badness 10000) in paragraph at lines 462--463

 []

File: ./figures/Header_Seite.png Graphic file (type png)
<use ./figures/Header_Seite.png>
Package pdftex.def Info: ./figures/Header_Seite.png  used on input line 465.
(pdftex.def)             Requested size: 68.50577pt x 24.08992pt.
[69]
Underfull \hbox (badness 10000) in paragraph at lines 465--466

 []


Underfull \hbox (badness 10000) in paragraph at lines 469--470

 []


Underfull \hbox (badness 10000) in paragraph at lines 473--474

 []


Underfull \hbox (badness 10000) in paragraph at lines 477--478

 []


Underfull \hbox (badness 10000) in paragraph at lines 480--481

 []


Underfull \hbox (badness 10000) in paragraph at lines 485--486

 []

File: ./figures/Header_Seite.png Graphic file (type png)
<use ./figures/Header_Seite.png>
Package pdftex.def Info: ./figures/Header_Seite.png  used on input line 486.
(pdftex.def)             Requested size: 68.50577pt x 24.08992pt.
[70]
Underfull \hbox (badness 10000) in paragraph at lines 491--492

 []


Underfull \hbox (badness 10000) in paragraph at lines 495--496

 []


Underfull \hbox (badness 10000) in paragraph at lines 499--500

 []


Underfull \hbox (badness 10000) in paragraph at lines 503--504

 []

File: ./figures/Header_Seite.png Graphic file (type png)
<use ./figures/Header_Seite.png>
Package pdftex.def Info: ./figures/Header_Seite.png  used on input line 509.
(pdftex.def)             Requested size: 68.50577pt x 24.08992pt.
[71]

LaTeX Warning: Reference `L2, ' on page 72 undefined on input line 510.


Underfull \hbox (badness 10000) in paragraph at lines 510--511

 []


Underfull \hbox (badness 10000) in paragraph at lines 512--513

 []


Underfull \hbox (badness 10000) in paragraph at lines 519--520

 []


Overfull \hbox (14.62234pt too wide) in paragraph at lines 531--531
[]\OT1/cmr/bx/n/17.28 Herausforderungen, Pro-ble-me, und de-ren L[]osung 
 []


Underfull \hbox (badness 10000) in paragraph at lines 534--535

 []


Underfull \hbox (badness 10000) in paragraph at lines 537--538

 []

File: ./figures/Header_Seite.png Graphic file (type png)
<use ./figures/Header_Seite.png>
Package pdftex.def Info: ./figures/Header_Seite.png  used on input line 540.
(pdftex.def)             Requested size: 68.50577pt x 24.08992pt.
[72]
Underfull \hbox (badness 10000) in paragraph at lines 540--541

 []


Overfull \hbox (22.56679pt too wide) in paragraph at lines 542--543
\OT1/cmr/m/n/12 schluss gab. Der Raspber-ry PI war ka-putt und muss-te er-setzt
 wer-den. Gl[]ucklicherweise
 []


Underfull \hbox (badness 10000) in paragraph at lines 544--545

 []


Underfull \hbox (badness 10000) in paragraph at lines 548--549

 []


Underfull \hbox (badness 10000) in paragraph at lines 552--553

 []


Underfull \hbox (badness 10000) in paragraph at lines 556--557

 []


Underfull \hbox (badness 10000) in paragraph at lines 560--561

 []

File: ./figures/Header_Seite.png Graphic file (type png)
<use ./figures/Header_Seite.png>
Package pdftex.def Info: ./figures/Header_Seite.png  used on input line 561.
(pdftex.def)             Requested size: 68.50577pt x 24.08992pt.
[73]
Underfull \hbox (badness 10000) in paragraph at lines 564--565

 []


Underfull \hbox (badness 10000) in paragraph at lines 568--569

 []

<./../40_rei/figures/Fehlerbaum.png, id=1438, 642.14906pt x 384.6872pt>
File: ./../40_rei/figures/Fehlerbaum.png Graphic file (type png)
<use ./../40_rei/figures/Fehlerbaum.png>
Package pdftex.def Info: ./../40_rei/figures/Fehlerbaum.png  used on input line
 576.
(pdftex.def)             Requested size: 441.01773pt x 264.20178pt.

Underfull \hbox (badness 10000) in paragraph at lines 574--581

 []

File: ./figures/Header_Seite.png Graphic file (type png)
<use ./figures/Header_Seite.png>
Package pdftex.def Info: ./figures/Header_Seite.png  used on input line 585.
(pdftex.def)             Requested size: 68.50577pt x 24.08992pt.
[74]
Underfull \hbox (badness 10000) in paragraph at lines 586--587

 []


Underfull \hbox (badness 10000) in paragraph at lines 588--590

 []


Underfull \hbox (badness 10000) in paragraph at lines 595--596

 []

File: ./figures/Header_Seite.png Graphic file (type png)
<use ./figures/Header_Seite.png>
Package pdftex.def Info: ./figures/Header_Seite.png  used on input line 597.
(pdftex.def)             Requested size: 68.50577pt x 24.08992pt.
[75 <./../40_rei/figures/Fehlerbaum.png>]
Underfull \hbox (badness 10000) in paragraph at lines 612--613

 []


Underfull \hbox (badness 10000) in paragraph at lines 614--615

 []


Underfull \hbox (badness 10000) in paragraph at lines 618--619

 []


Underfull \hbox (badness 10000) in paragraph at lines 622--623

 []


Underfull \hbox (badness 10000) in paragraph at lines 626--627

 []

File: ./figures/Header_Seite.png Graphic file (type png)
<use ./figures/Header_Seite.png>
Package pdftex.def Info: ./figures/Header_Seite.png  used on input line 628.
(pdftex.def)             Requested size: 68.50577pt x 24.08992pt.
[76]
Underfull \hbox (badness 10000) in paragraph at lines 630--631

 []


Underfull \hbox (badness 10000) in paragraph at lines 634--635

 []


Underfull \hbox (badness 10000) in paragraph at lines 641--642

 []


Underfull \hbox (badness 10000) in paragraph at lines 645--646

 []

File: ./figures/Header_Seite.png Graphic file (type png)
<use ./figures/Header_Seite.png>
Package pdftex.def Info: ./figures/Header_Seite.png  used on input line 650.
(pdftex.def)             Requested size: 68.50577pt x 24.08992pt.
[77]
Kapitel 7.
[78

]
Kapitel 8.
[79

])
File: ./figures/Header_Seite.png Graphic file (type png)
<use ./figures/Header_Seite.png>
Package pdftex.def Info: ./figures/Header_Seite.png  used on input line 171.
(pdftex.def)             Requested size: 68.50577pt x 24.08992pt.
 [80] (Master.lof [81


])
\tf@lof=\write7
\openout7 = `Master.lof'.

File: ./figures/Header_Seite.png Graphic file (type png)
<use ./figures/Header_Seite.png>
Package pdftex.def Info: ./figures/Header_Seite.png  used on input line 187.
(pdftex.def)             Requested size: 68.50577pt x 24.08992pt.
 [82] (Master.lot)
\tf@lot=\write8
\openout8 = `Master.lot'.



Package biblatex Warning: Type 'masterthesis' not found on input line 190.


LaTeX Warning: Empty bibliography on input line 190.


Package biblatex Warning: Type 'book' not found on input line 191.


LaTeX Warning: Empty bibliography on input line 191.

[83

]
Overfull \hbox (23.38094pt too wide) in paragraph at lines 193--193
[]\OT1/cmr/m/it/12 Einsteigerguide: Was ist Open-CV? \OT1/cmr/m/sc/12 url\OT1/c
mr/m/n/12 : []$\OT1/cmtt/m/n/12 https : / / viscircle . de / einsteigerguide -[
]
 []


Overfull \hbox (1.27995pt too wide) in paragraph at lines 193--193
[]\OT1/cmr/m/n/12 Eric W. Weis-s-tein. \OT1/cmr/m/it/12 Af-fi-ne Trans-for-ma-t
i-on. \OT1/cmr/m/n/12 Ma-thWorld. \OT1/cmr/m/sc/12 url\OT1/cmr/m/n/12 : []$\OT1
/cmtt/m/n/12 http : / / mathworld .
 []


Overfull \hbox (19.86485pt too wide) in paragraph at lines 194--194
[]\OT1/cmr/m/n/12 Ben Cro-ston. \OT1/cmr/m/it/12 RPi.GPIO Py-thon Mo-du-le\OT1/
cmr/m/n/12 . []$\OT1/cmtt/m/n/12 https : / / sourceforge . net / p / raspberry 
-[]
 []

File: ./figures/Header_Seite.png Graphic file (type png)
<use ./figures/Header_Seite.png>
Package pdftex.def Info: ./figures/Header_Seite.png  used on input line 194.
(pdftex.def)             Requested size: 68.50577pt x 24.08992pt.
[84]
Overfull \hbox (9.69699pt too wide) in paragraph at lines 194--194
\OT1/cmr/m/n/12 ting in Py-thon''. In: \OT1/cmr/m/it/12 ar-Xiv e-prints\OT1/cmr
/m/n/12 , ar-Xiv:1907.10121 (Ju-li 2019), ar-Xiv:1907.10121.
 []

File: ./figures/Header_Seite.png Graphic file (type png)
<use ./figures/Header_Seite.png>
Package pdftex.def Info: ./figures/Header_Seite.png  used on input line 195.
(pdftex.def)             Requested size: 68.50577pt x 24.08992pt.
[85] (../10_allgemein/_Doc_A.tex) (../10_allgemein/_Doc_App.tex)
(../20_planung/_Doc_A.tex) (../20_planung/_Doc_App.tex)

AED: lastpage setting LastPage
Package atveryend Info: Empty hook `BeforeClearDocument' on input line 204.
Package atveryend Info: Empty hook `AfterLastShipout' on input line 204.
(Master.aux)
Package atveryend Info: Executing hook `AtVeryEndDocument' on input line 204.
Package atveryend Info: Executing hook `AtEndAfterFileList' on input line 204.
Package rerunfilecheck Info: File `Master.out' has not changed.
(rerunfilecheck)             Checksum: A93CF062902D0A3D108E21F06046CA71;4626.


LaTeX Warning: There were undefined references.


LaTeX Warning: There were multiply-defined labels.

Package logreq Info: Writing requests to 'Master.run.xml'.
\openout1 = `Master.run.xml'.

 ) 
Here is how much of TeX's memory you used:
 23448 strings out of 481258
 440936 string characters out of 2906671
 1171425 words of memory out of 3000000
 37891 multiletter control sequences out of 15000+200000
 543052 words of font info for 62 fonts, out of 3000000 for 9000
 1143 hyphenation exceptions out of 8191
 57i,17n,106p,1658b,3778s stack positions out of 5000i,500n,10000p,200000b,50000s
 <C:\Users\USER\AppData\Local\MiKTeX\2.9\fonts/pk/ljfour/jknappen/ec/dpi600\t
crm1200.pk><C:/Users/USER/AppData/Local/Programs/MiKTeX 2.9/fonts/type1/public/
amsfonts/cm/cmbx12.pfb><C:/Users/USER/AppData/Local/Programs/MiKTeX 2.9/fonts/t
ype1/public/amsfonts/cm/cmcsc10.pfb><C:/Users/USER/AppData/Local/Programs/MiKTe
X 2.9/fonts/type1/public/amsfonts/cm/cmmi12.pfb><C:/Users/USER/AppData/Local/Pr
ograms/MiKTeX 2.9/fonts/type1/public/amsfonts/cm/cmr10.pfb><C:/Users/USER/AppDa
ta/Local/Programs/MiKTeX 2.9/fonts/type1/public/amsfonts/cm/cmr12.pfb><C:/Users
/USER/AppData/Local/Programs/MiKTeX 2.9/fonts/type1/public/amsfonts/cm/cmr17.pf
b><C:/Users/USER/AppData/Local/Programs/MiKTeX 2.9/fonts/type1/public/amsfonts/
cm/cmr6.pfb><C:/Users/USER/AppData/Local/Programs/MiKTeX 2.9/fonts/type1/public
/amsfonts/cm/cmr7.pfb><C:/Users/USER/AppData/Local/Programs/MiKTeX 2.9/fonts/ty
pe1/public/amsfonts/cm/cmr8.pfb><C:/Users/USER/AppData/Local/Programs/MiKTeX 2.
9/fonts/type1/public/amsfonts/cm/cmsl12.pfb><C:/Users/USER/AppData/Local/Progra
ms/MiKTeX 2.9/fonts/type1/public/amsfonts/cm/cmti12.pfb><C:/Users/USER/AppData/
Local/Programs/MiKTeX 2.9/fonts/type1/public/amsfonts/cm/cmtt10.pfb><C:/Users/U
SER/AppData/Local/Programs/MiKTeX 2.9/fonts/type1/public/amsfonts/cm/cmtt12.pfb
>
Output written on Master.pdf (93 pages, 4383380 bytes).
PDF statistics:
 1800 PDF objects out of 2073 (max. 8388607)
 627 named destinations out of 1000 (max. 500000)
 802 words of extra memory for PDF output out of 10000 (max. 10000000)

