\BOOKMARK [0][-]{chapter.1}{Allgemeines}{}% 1
\BOOKMARK [0][-]{chapter.2}{Planung}{}% 2
\BOOKMARK [1][-]{section.2.1}{Projektziele}{chapter.2}% 3
\BOOKMARK [2][-]{subsection.2.1.1}{Ziele}{section.2.1}% 4
\BOOKMARK [2][-]{subsection.2.1.2}{Nicht Ziele}{section.2.1}% 5
\BOOKMARK [2][-]{subsection.2.1.3}{Optionale Ziele}{section.2.1}% 6
\BOOKMARK [1][-]{section.2.2}{Projektplanung}{chapter.2}% 7
\BOOKMARK [1][-]{section.2.3}{Projektmanagmentmethode}{chapter.2}% 8
\BOOKMARK [0][-]{chapter.3}{Dokumentation des Projektverlaufs}{}% 9
\BOOKMARK [1][-]{section.3.1}{Allgemeine Beschreibungen}{chapter.3}% 10
\BOOKMARK [1][-]{section.3.2}{Technische L\366sungen}{chapter.3}% 11
\BOOKMARK [1][-]{section.3.3}{Beschreibungen des Arbeitsverlaufs}{chapter.3}% 12
\BOOKMARK [0][-]{chapter.4}{Paul Dirac}{}% 13
\BOOKMARK [1][-]{section.4.1}{Leben}{chapter.4}% 14
\BOOKMARK [1][-]{section.4.2}{Leistung}{chapter.4}% 15
\BOOKMARK [0][-]{chapter.5}{Vulcano}{}% 16
\BOOKMARK [1][-]{section.5.1}{Etymology}{chapter.5}% 17
\BOOKMARK [1][-]{section.5.2}{Worship}{chapter.5}% 18
\BOOKMARK [1][-]{section.5.3}{Vulcanalia}{chapter.5}% 19
\BOOKMARK [1][-]{section.5.4}{Theology}{chapter.5}% 20
