This is pdfTeX, Version 3.14159265-2.6-1.40.20 (MiKTeX 2.9.7140 64-bit) (preloaded format=pdflatex 2019.10.4)  11 OCT 2019 10:42
entering extended mode
**./_Doc.tex
(_Doc.tex
LaTeX2e <2018-12-01>
! Undefined control sequence.
l.1 \chapter
            {\docname}
The control sequence at the end of the top line
of your error message was never \def'ed. If you have
misspelled it (e.g., `\hobx'), type `I' and the correct
spelling (e.g., `I\hbox'). Otherwise just continue,
and I'll forget about whatever was undefined.

! Undefined control sequence.
l.1 \chapter{\docname
                     }
The control sequence at the end of the top line
of your error message was never \def'ed. If you have
misspelled it (e.g., `\hobx'), type `I' and the correct
spelling (e.g., `I\hbox'). Otherwise just continue,
and I'll forget about whatever was undefined.

! Undefined control sequence.
<argument> \string \newlabel {\docname 
                                       }{{\@currentlabel }{\thepage }}
l.2 \label{\docname}
                    
The control sequence at the end of the top line
of your error message was never \def'ed. If you have
misspelled it (e.g., `\hobx'), type `I' and the correct
spelling (e.g., `I\hbox'). Otherwise just continue,
and I'll forget about whatever was undefined.

)
! Emergency stop.
<*> ./_Doc.tex
              
*** (job aborted, no legal \end found)

 
Here is how much of TeX's memory you used:
 8 strings out of 492895
 277 string characters out of 3124202
 57048 words of memory out of 3000000
 4024 multiletter control sequences out of 15000+200000
 3640 words of font info for 14 fonts, out of 3000000 for 9000
 1141 hyphenation exceptions out of 8191
 5i,0n,4p,32b,11s stack positions out of 5000i,500n,10000p,200000b,50000s
!  ==> Fatal error occurred, no output PDF file produced!
