This is pdfTeX, Version 3.14159265-2.6-1.40.21 (MiKTeX 2.9.7300 64-bit) (preloaded format=pdflatex 2020.3.5)  6 MAR 2020 10:19
entering extended mode
**./Master.tex
(Master.tex
LaTeX2e <2020-02-02> patch level 5
L3 programming layer <2020-03-03>
("C:\Users\USER\AppData\Local\Programs\MiKTeX 2.9\tex/latex/base\book.cls"
Document Class: book 2019/12/20 v1.4l Standard LaTeX document class
("C:\Users\USER\AppData\Local\Programs\MiKTeX 2.9\tex/latex/base\bk12.clo"
File: bk12.clo 2019/12/20 v1.4l Standard LaTeX file (size option)
)
\c@part=\count167
\c@chapter=\count168
\c@section=\count169
\c@subsection=\count170
\c@subsubsection=\count171
\c@paragraph=\count172
\c@subparagraph=\count173
\c@figure=\count174
\c@table=\count175
\abovecaptionskip=\skip47
\belowcaptionskip=\skip48
\bibindent=\dimen134
)
("C:\Users\USER\AppData\Local\Programs\MiKTeX 2.9\tex/latex/graphics\graphicx.s
ty"
Package: graphicx 2019/11/30 v1.2a Enhanced LaTeX Graphics (DPC,SPQR)

("C:\Users\USER\AppData\Local\Programs\MiKTeX 2.9\tex/latex/graphics\keyval.sty
"
Package: keyval 2014/10/28 v1.15 key=value parser (DPC)
\KV@toks@=\toks15
)
("C:\Users\USER\AppData\Local\Programs\MiKTeX 2.9\tex/latex/graphics\graphics.s
ty"
Package: graphics 2019/11/30 v1.4a Standard LaTeX Graphics (DPC,SPQR)

("C:\Users\USER\AppData\Local\Programs\MiKTeX 2.9\tex/latex/graphics\trig.sty"
Package: trig 2016/01/03 v1.10 sin cos tan (DPC)
)
("C:\Users\USER\AppData\Local\Programs\MiKTeX 2.9\tex/latex/graphics-cfg\graphi
cs.cfg"
File: graphics.cfg 2016/06/04 v1.11 sample graphics configuration
)
Package graphics Info: Driver file: pdftex.def on input line 105.

("C:\Users\USER\AppData\Local\Programs\MiKTeX 2.9\tex/latex/graphics-def\pdftex
.def"
File: pdftex.def 2018/01/08 v1.0l Graphics/color driver for pdftex
))
\Gin@req@height=\dimen135
\Gin@req@width=\dimen136
)
("C:\Users\USER\AppData\Local\Programs\MiKTeX 2.9\tex/latex/float\float.sty"
Package: float 2001/11/08 v1.3d Float enhancements (AL)
\c@float@type=\count176
\float@exts=\toks16
\float@box=\box45
\@float@everytoks=\toks17
\@floatcapt=\box46
)
("C:\Users\USER\AppData\Local\Programs\MiKTeX 2.9\tex/latex/nomencl\nomencl.sty
"
Package: nomencl 2020/03/01 v5.4 Nomenclature package

("C:\Users\USER\AppData\Local\Programs\MiKTeX 2.9\tex/latex/xkeyval\xkeyval.sty
"
Package: xkeyval 2014/12/03 v2.7a package option processing (HA)

("C:\Users\USER\AppData\Local\Programs\MiKTeX 2.9\tex/generic/xkeyval\xkeyval.t
ex"
("C:\Users\USER\AppData\Local\Programs\MiKTeX 2.9\tex/generic/xkeyval\xkvutils.
tex"
\XKV@toks=\toks18
\XKV@tempa@toks=\toks19
)
\XKV@depth=\count177
File: xkeyval.tex 2014/12/03 v2.7a key=value parser (HA)
))
("C:\Users\USER\AppData\Local\Programs\MiKTeX 2.9\tex/latex/base\ifthen.sty"
Package: ifthen 2014/09/29 v1.1c Standard LaTeX ifthen package (DPC)
)
("C:\Users\USER\AppData\Local\Programs\MiKTeX 2.9\tex/latex/koma-script\tocbasi
c.sty"
Package: tocbasic 2020/01/24 v3.29 KOMA-Script package (handling toc-files)

("C:\Users\USER\AppData\Local\Programs\MiKTeX 2.9\tex/latex/koma-script\scrbase
.sty"
Package: scrbase 2020/01/24 v3.29 KOMA-Script package (KOMA-Script-independent 
basics and keyval usage)

("C:\Users\USER\AppData\Local\Programs\MiKTeX 2.9\tex/latex/koma-script\scrlfil
e.sty"
Package: scrlfile 2020/01/24 v3.29 KOMA-Script package (loading files)
))
\scr@dte@tocline@numberwidth=\skip49
\scr@dte@tocline@numbox=\box47
)
Package tocbasic Info: setting babel extension for `nlo' on input line 179.
Package tocbasic Info: setting babel extension for `nls' on input line 180.
\nomlabelwidth=\dimen137
\nom@tempdim=\dimen138
\nomitemsep=\skip50
)
("C:\Users\USER\AppData\Local\Programs\MiKTeX 2.9\tex/latex/biblatex\biblatex.s
ty"
Package: biblatex 2019/12/01 v3.14 programmable bibliographies (PK/MW)

("C:\Users\USER\AppData\Local\Programs\MiKTeX 2.9\tex/latex/pdftexcmds\pdftexcm
ds.sty"
Package: pdftexcmds 2019/11/24 v0.31 Utility functions of pdfTeX for LuaTeX (HO
)

("C:\Users\USER\AppData\Local\Programs\MiKTeX 2.9\tex/generic/infwarerr\infware
rr.sty"
Package: infwarerr 2019/12/03 v1.5 Providing info/warning/error messages (HO)
)
("C:\Users\USER\AppData\Local\Programs\MiKTeX 2.9\tex/generic/iftex\iftex.sty"
Package: iftex 2019/11/07 v1.0c TeX engine tests
)
("C:\Users\USER\AppData\Local\Programs\MiKTeX 2.9\tex/generic/ltxcmds\ltxcmds.s
ty"
Package: ltxcmds 2019/12/15 v1.24 LaTeX kernel commands for general use (HO)
)
Package pdftexcmds Info: \pdf@primitive is available.
Package pdftexcmds Info: \pdf@ifprimitive is available.
Package pdftexcmds Info: \pdfdraftmode found.
)
("C:\Users\USER\AppData\Local\Programs\MiKTeX 2.9\tex/latex/etoolbox\etoolbox.s
ty"
Package: etoolbox 2019/09/21 v2.5h e-TeX tools for LaTeX (JAW)
\etb@tempcnta=\count178
)
("C:\Users\USER\AppData\Local\Programs\MiKTeX 2.9\tex/latex/kvoptions\kvoptions
.sty"
Package: kvoptions 2019/11/29 v3.13 Key value format for package options (HO)

("C:\Users\USER\AppData\Local\Programs\MiKTeX 2.9\tex/generic/kvsetkeys\kvsetke
ys.sty"
Package: kvsetkeys 2019/12/15 v1.18 Key value parser (HO)
))
("C:\Users\USER\AppData\Local\Programs\MiKTeX 2.9\tex/latex/logreq\logreq.sty"
Package: logreq 2010/08/04 v1.0 xml request logger
\lrq@indent=\count179

("C:\Users\USER\AppData\Local\Programs\MiKTeX 2.9\tex/latex/logreq\logreq.def"
File: logreq.def 2010/08/04 v1.0 logreq spec v1.0
)) ("C:\Users\USER\AppData\Local\Programs\MiKTeX 2.9\tex/latex/url\url.sty"
\Urlmuskip=\muskip16
Package: url 2013/09/16  ver 3.4  Verb mode for urls, etc.
)
\c@tabx@nest=\count180
\c@listtotal=\count181
\c@listcount=\count182
\c@liststart=\count183
\c@liststop=\count184
\c@citecount=\count185
\c@citetotal=\count186
\c@multicitecount=\count187
\c@multicitetotal=\count188
\c@instcount=\count189
\c@maxnames=\count190
\c@minnames=\count191
\c@maxitems=\count192
\c@minitems=\count193
\c@citecounter=\count194
\c@maxcitecounter=\count195
\c@savedcitecounter=\count196
\c@uniquelist=\count197
\c@uniquename=\count198
\c@refsection=\count199
\c@refsegment=\count266
\c@maxextratitle=\count267
\c@maxextratitleyear=\count268
\c@maxextraname=\count269
\c@maxextradate=\count270
\c@maxextraalpha=\count271
\c@abbrvpenalty=\count272
\c@highnamepenalty=\count273
\c@lownamepenalty=\count274
\c@maxparens=\count275
\c@parenlevel=\count276
\blx@tempcnta=\count277
\blx@tempcntb=\count278
\blx@tempcntc=\count279
\blx@maxsection=\count280
\blx@maxsegment@0=\count281
\blx@notetype=\count282
\blx@parenlevel@text=\count283
\blx@parenlevel@foot=\count284
\blx@sectionciteorder@0=\count285
\blx@entrysetcounter=\count286
\labelnumberwidth=\skip51
\labelalphawidth=\skip52
\biblabelsep=\skip53
\bibitemsep=\skip54
\bibnamesep=\skip55
\bibinitsep=\skip56
\bibparsep=\skip57
\bibhang=\skip58
\blx@bcfin=\read2
\blx@bcfout=\write3
\blx@langwohyphens=\language82
\c@mincomprange=\count287
\c@maxcomprange=\count288
\c@mincompwidth=\count289
Package biblatex Info: Trying to load biblatex default data model...
Package biblatex Info: ... file 'blx-dm.def' found.

("C:\Users\USER\AppData\Local\Programs\MiKTeX 2.9\tex/latex/biblatex\blx-dm.def
"
File: blx-dm.def 2019/12/01 v3.14 biblatex localization (PK/MW)
)
Package biblatex Info: Trying to load biblatex custom data model...
Package biblatex Info: ... file 'biblatex-dm.cfg' not found.
\c@afterword=\count290
\c@savedafterword=\count291
\c@annotator=\count292
\c@savedannotator=\count293
\c@author=\count294
\c@savedauthor=\count295
\c@bookauthor=\count296
\c@savedbookauthor=\count297
\c@commentator=\count298
\c@savedcommentator=\count299
\c@editor=\count300
\c@savededitor=\count301
\c@editora=\count302
\c@savededitora=\count303
\c@editorb=\count304
\c@savededitorb=\count305
\c@editorc=\count306
\c@savededitorc=\count307
\c@foreword=\count308
\c@savedforeword=\count309
\c@holder=\count310
\c@savedholder=\count311
\c@introduction=\count312
\c@savedintroduction=\count313
\c@namea=\count314
\c@savednamea=\count315
\c@nameb=\count316
\c@savednameb=\count317
\c@namec=\count318
\c@savednamec=\count319
\c@translator=\count320
\c@savedtranslator=\count321
\c@shortauthor=\count322
\c@savedshortauthor=\count323
\c@shorteditor=\count324
\c@savedshorteditor=\count325
\c@labelname=\count326
\c@savedlabelname=\count327
\c@institution=\count328
\c@savedinstitution=\count329
\c@lista=\count330
\c@savedlista=\count331
\c@listb=\count332
\c@savedlistb=\count333
\c@listc=\count334
\c@savedlistc=\count335
\c@listd=\count336
\c@savedlistd=\count337
\c@liste=\count338
\c@savedliste=\count339
\c@listf=\count340
\c@savedlistf=\count341
\c@location=\count342
\c@savedlocation=\count343
\c@organization=\count344
\c@savedorganization=\count345
\c@origlocation=\count346
\c@savedoriglocation=\count347
\c@origpublisher=\count348
\c@savedorigpublisher=\count349
\c@publisher=\count350
\c@savedpublisher=\count351
\c@language=\count352
\c@savedlanguage=\count353
\c@origlanguage=\count354
\c@savedoriglanguage=\count355
\c@pageref=\count356
\c@savedpageref=\count357
\shorthandwidth=\skip59
\shortjournalwidth=\skip60
\shortserieswidth=\skip61
\shorttitlewidth=\skip62
\shortauthorwidth=\skip63
\shorteditorwidth=\skip64
\locallabelnumberwidth=\skip65
\locallabelalphawidth=\skip66
\localshorthandwidth=\skip67
\localshortjournalwidth=\skip68
\localshortserieswidth=\skip69
\localshorttitlewidth=\skip70
\localshortauthorwidth=\skip71
\localshorteditorwidth=\skip72
Package biblatex Info: Trying to load compatibility code...
Package biblatex Info: ... file 'blx-compat.def' found.

("C:\Users\USER\AppData\Local\Programs\MiKTeX 2.9\tex/latex/biblatex\blx-compat
.def"
File: blx-compat.def 2019/12/01 v3.14 biblatex compatibility (PK/MW)
)
Package biblatex Info: Trying to load generic definitions...
Package biblatex Info: ... file 'biblatex.def' found.

("C:\Users\USER\AppData\Local\Programs\MiKTeX 2.9\tex/latex/biblatex\biblatex.d
ef"
File: biblatex.def 2019/12/01 v3.14 biblatex compatibility (PK/MW)
\c@textcitecount=\count358
\c@textcitetotal=\count359
\c@textcitemaxnames=\count360
\c@biburlbigbreakpenalty=\count361
\c@biburlbreakpenalty=\count362
\c@biburlnumpenalty=\count363
\c@biburlucpenalty=\count364
\c@biburllcpenalty=\count365
\biburlbigskip=\muskip17
\biburlnumskip=\muskip18
\biburlucskip=\muskip19
\biburllcskip=\muskip20
\c@smartand=\count366
)
Package biblatex Info: Trying to load bibliography style 'numeric'...
Package biblatex Info: ... file 'numeric.bbx' found.

("C:\Users\USER\AppData\Local\Programs\MiKTeX 2.9\tex/latex/biblatex/bbx\numeri
c.bbx"
File: numeric.bbx 2019/12/01 v3.14 biblatex bibliography style (PK/MW)
Package biblatex Info: Trying to load bibliography style 'standard'...
Package biblatex Info: ... file 'standard.bbx' found.

("C:\Users\USER\AppData\Local\Programs\MiKTeX 2.9\tex/latex/biblatex/bbx\standa
rd.bbx"
File: standard.bbx 2019/12/01 v3.14 biblatex bibliography style (PK/MW)
\c@bbx:relatedcount=\count367
\c@bbx:relatedtotal=\count368
))
Package biblatex Info: Trying to load citation style 'numeric'...
Package biblatex Info: ... file 'numeric.cbx' found.

("C:\Users\USER\AppData\Local\Programs\MiKTeX 2.9\tex/latex/biblatex/cbx\numeri
c.cbx"
File: numeric.cbx 2019/12/01 v3.14 biblatex citation style (PK/MW)
Package biblatex Info: Redefining '\cite'.
Package biblatex Info: Redefining '\parencite'.
Package biblatex Info: Redefining '\footcite'.
Package biblatex Info: Redefining '\footcitetext'.
Package biblatex Info: Redefining '\smartcite'.
Package biblatex Info: Redefining '\supercite'.
Package biblatex Info: Redefining '\textcite'.
Package biblatex Info: Redefining '\textcites'.
Package biblatex Info: Redefining '\cites'.
Package biblatex Info: Redefining '\parencites'.
Package biblatex Info: Redefining '\smartcites'.
)
Package biblatex Info: Trying to load configuration file...
Package biblatex Info: ... file 'biblatex.cfg' found.

("C:\Users\USER\AppData\Local\Programs\MiKTeX 2.9\tex/latex/biblatex\biblatex.c
fg"
File: biblatex.cfg 
))
("C:\Users\USER\AppData\Local\Programs\MiKTeX 2.9\tex/latex/caption\caption.sty
"
Package: caption 2020/01/03 v3.4h Customizing captions (AR)

("C:\Users\USER\AppData\Local\Programs\MiKTeX 2.9\tex/latex/caption\caption3.st
y"
Package: caption3 2020/01/03 v1.8h caption3 kernel (AR)
Package caption3 Info: TeX engine: e-TeX on input line 61.
\captionmargin=\dimen139
\captionmargin@=\dimen140
\captionwidth=\dimen141
\caption@tempdima=\dimen142
\caption@indent=\dimen143
\caption@parindent=\dimen144
\caption@hangindent=\dimen145
Package caption Info: Standard document class detected.
)
\c@caption@flags=\count369
\c@continuedfloat=\count370
Package caption Info: float package is loaded.
)
("C:\Users\USER\AppData\Local\Programs\MiKTeX 2.9\tex/latex/fancyhdr\fancyhdr.s
ty"
Package: fancyhdr 2019/01/31 v3.10 Extensive control of page headers and footer
s
\f@nch@headwidth=\skip73
\f@nch@O@elh=\skip74
\f@nch@O@erh=\skip75
\f@nch@O@olh=\skip76
\f@nch@O@orh=\skip77
\f@nch@O@elf=\skip78
\f@nch@O@erf=\skip79
\f@nch@O@olf=\skip80
\f@nch@O@orf=\skip81
)
("C:\Users\USER\AppData\Local\Programs\MiKTeX 2.9\tex/latex/geometry\geometry.s
ty"
Package: geometry 2020/01/02 v5.9 Page Geometry

("C:\Users\USER\AppData\Local\Programs\MiKTeX 2.9\tex/generic/iftex\ifvtex.sty"
Package: ifvtex 2019/10/25 v1.7 ifvtex legacy package. Use iftex instead.
)
\Gm@cnth=\count371
\Gm@cntv=\count372
\c@Gm@tempcnt=\count373
\Gm@bindingoffset=\dimen146
\Gm@wd@mp=\dimen147
\Gm@odd@mp=\dimen148
\Gm@even@mp=\dimen149
\Gm@layoutwidth=\dimen150
\Gm@layoutheight=\dimen151
\Gm@layouthoffset=\dimen152
\Gm@layoutvoffset=\dimen153
\Gm@dimlist=\toks20

("C:\Users\USER\AppData\Local\Programs\MiKTeX 2.9\tex/latex/geometry\geometry.c
fg"))
("C:\Users\USER\AppData\Local\Programs\MiKTeX 2.9\tex/generic/iftex\ifpdf.sty"
Package: ifpdf 2019/10/25 v3.4 ifpdf legacy package. Use iftex instead.
) ("C:\Users\USER\AppData\Local\Programs\MiKTeX 2.9\tex/latex/base\inputenc.sty
"
Package: inputenc 2018/08/11 v1.3c Input encoding file
\inpenc@prehook=\toks21
\inpenc@posthook=\toks22
) ("C:\Users\USER\AppData\Local\Programs\MiKTeX 2.9\tex/generic/babel\babel.sty
"
Package: babel 2020/02/28 3.41 The Babel package
 ("C:\Users\USER\AppData\Local\Programs\MiKTeX 2.9\tex/generic/babel\switch.def
"
File: switch.def 2020/02/28 3.41 Babel switching mechanism
)
*************************************
* Local config file bblopts.cfg used
*
("C:\Users\USER\AppData\Local\Programs\MiKTeX 2.9\tex/latex/arabi\bblopts.cfg"
File: bblopts.cfg 2005/09/08 v0.1 add Arabic and Farsi to "declared" options of
 babel
)
("C:\Users\USER\AppData\Local\Programs\MiKTeX 2.9\tex/latex/babel-german\ngerma
n.ldf"
Language: ngerman 2018/12/08 v2.11 German support for babel (post-1996 orthogra
phy)

("C:\Users\USER\AppData\Local\Programs\MiKTeX 2.9\tex/latex/babel-german\ngerma
nb.ldf"
Language: ngermanb 2018/12/08 v2.11 German support for babel (post-1996 orthogr
aphy)

("C:\Users\USER\AppData\Local\Programs\MiKTeX 2.9\tex/generic/babel\babel.def"
File: babel.def 2020/02/28 3.41 Babel common definitions
\babel@savecnt=\count374
\U@D=\dimen154

("C:\Users\USER\AppData\Local\Programs\MiKTeX 2.9\tex/generic/babel\txtbabel.de
f")
\bbl@readstream=\read3
\bbl@dirlevel=\count375
)
Package babel Info: Making " an active character on input line 121.
)))
("C:\Users\USER\AppData\Local\Programs\MiKTeX 2.9\tex/latex/siunitx\siunitx.sty
" ("C:\Users\USER\AppData\Local\Programs\MiKTeX 2.9\tex/latex/l3kernel\expl3.st
y"
Package: expl3 2020-03-03 L3 programming layer (loader) 

("C:\Users\USER\AppData\Local\Programs\MiKTeX 2.9\tex/latex/l3backend\l3backend
-pdfmode.def"
File: l3backend-pdfmode.def 2020-02-23 L3 backend support: PDF mode
\l__kernel_color_stack_int=\count376
\l__pdf_internal_box=\box48
))
("C:\Users\USER\AppData\Local\Programs\MiKTeX 2.9\tex/latex/l3packages/xparse\x
parse.sty"
Package: xparse 2020-03-03 L3 Experimental document command parser
\l__xparse_current_arg_int=\count377
\g__xparse_grabber_int=\count378
\l__xparse_m_args_int=\count379
\l__xparse_v_nesting_int=\count380
)
Package: siunitx 2020/02/25 v2.8b A comprehensive (SI) units package

("C:\Users\USER\AppData\Local\Programs\MiKTeX 2.9\tex/latex/amsmath\amstext.sty
"
Package: amstext 2000/06/29 v2.01 AMS text
 ("C:\Users\USER\AppData\Local\Programs\MiKTeX 2.9\tex/latex/amsmath\amsgen.sty
"
File: amsgen.sty 1999/11/30 v2.0 generic functions
\@emptytoks=\toks23
\ex@=\dimen155
)) ("C:\Users\USER\AppData\Local\Programs\MiKTeX 2.9\tex/latex/tools\array.sty"
Package: array 2019/08/31 v2.4l Tabular extension package (FMi)
\col@sep=\dimen156
\ar@mcellbox=\box49
\extrarowheight=\dimen157
\NC@list=\toks24
\extratabsurround=\skip82
\backup@length=\skip83
\ar@cellbox=\box50
)
("C:\Users\USER\AppData\Local\Programs\MiKTeX 2.9\tex/latex/l3packages/l3keys2e
\l3keys2e.sty"
Package: l3keys2e 2020-03-03 LaTeX2e option processing using LaTeX3 keys
)
\l__siunitx_tmp_box=\box51
\l__siunitx_tmp_dim=\dimen158
\l__siunitx_tmp_int=\count381
\l__siunitx_number_mantissa_length_int=\count382
\l__siunitx_number_uncert_length_int=\count383
\l__siunitx_round_int=\count384
\l__siunitx_process_decimal_int=\count385
\l__siunitx_process_uncertainty_int=\count386
\l__siunitx_process_fixed_int=\count387
\l__siunitx_process_integer_min_int=\count388
\l__siunitx_process_precision_int=\count389
\l__siunitx_group_min_int=\count390
\l__siunitx_angle_marker_box=\box52
\l__siunitx_angle_unit_box=\box53
\l__siunitx_angle_marker_dim=\dimen159
\l__siunitx_angle_unit_dim=\dimen160
\l__siunitx_unit_int=\count391
\l__siunitx_unit_denominator_int=\count392
\l__siunitx_unit_numerator_int=\count393
\l__siunitx_unit_prefix_int=\count394
\l__siunitx_unit_prefix_base_int=\count395
\l__siunitx_unit_prefix_gram_int=\count396
\l__siunitx_number_product_int=\count397
\c__siunitx_one_fill_skip=\skip84
\l__siunitx_table_unit_align_skip=\skip85
\l__siunitx_table_exponent_dim=\dimen161
\l__siunitx_table_integer_dim=\dimen162
\l__siunitx_table_mantissa_dim=\dimen163
\l__siunitx_table_marker_dim=\dimen164
\l__siunitx_table_result_dim=\dimen165
\l__siunitx_table_uncert_dim=\dimen166
\l__siunitx_table_fill_pre_dim=\dimen167
\l__siunitx_table_fill_post_dim=\dimen168
\l__siunitx_table_fill_mid_dim=\dimen169
\l__siunitx_table_pre_box=\box54
\l__siunitx_table_post_box=\box55
\l__siunitx_table_mantissa_box=\box56
\l__siunitx_table_result_box=\box57
\l__siunitx_table_number_align_skip=\skip86
\l__siunitx_table_text_align_skip=\skip87

("C:\Users\USER\AppData\Local\Programs\MiKTeX 2.9\tex/latex/translator\translat
or.sty"
Package: translator 2019-05-31 v1.12a Easy translation of strings in LaTeX
))
("C:\Users\USER\AppData\Local\Programs\MiKTeX 2.9\tex/latex/pdflscape\pdflscape
.sty"
Package: pdflscape 2019/12/05 v0.12 Display of landscape pages in PDF (HO)

("C:\Users\USER\AppData\Local\Programs\MiKTeX 2.9\tex/latex/graphics\lscape.sty
"
Package: lscape 2000/10/22 v3.01 Landscape Pages (DPC)
)
Package pdflscape Info: Auto-detected driver: pdftex on input line 81.
)
("C:\Users\USER\AppData\Local\Programs\MiKTeX 2.9\tex/latex/pdfpages\pdfpages.s
ty"
Package: pdfpages 2020/01/28 v0.5q Insert pages of external PDF documents (AM)
 ("C:\Users\USER\AppData\Local\Programs\MiKTeX 2.9\tex/latex/tools\calc.sty"
Package: calc 2017/05/25 v4.3 Infix arithmetic (KKT,FJ)
\calc@Acount=\count398
\calc@Bcount=\count399
\calc@Adimen=\dimen170
\calc@Bdimen=\dimen171
\calc@Askip=\skip88
\calc@Bskip=\skip89
LaTeX Info: Redefining \setlength on input line 80.
LaTeX Info: Redefining \addtolength on input line 81.
\calc@Ccount=\count400
\calc@Cskip=\skip90
)
("C:\Users\USER\AppData\Local\Programs\MiKTeX 2.9\tex/latex/eso-pic\eso-pic.sty
"
Package: eso-pic 2018/04/12 v2.0h eso-pic (RN)

("C:\Users\USER\AppData\Local\Programs\MiKTeX 2.9\tex/generic/atbegshi\atbegshi
.sty"
Package: atbegshi 2019/12/05 v1.19 At begin shipout hook (HO)
)
("C:\Users\USER\AppData\Local\Programs\MiKTeX 2.9\tex/latex/xcolor\xcolor.sty"
Package: xcolor 2016/05/11 v2.12 LaTeX color extensions (UK)

("C:\Users\USER\AppData\Local\Programs\MiKTeX 2.9\tex/latex/graphics-cfg\color.
cfg"
File: color.cfg 2016/01/02 v1.6 sample color configuration
)
Package xcolor Info: Driver file: pdftex.def on input line 225.
Package xcolor Info: Model `cmy' substituted by `cmy0' on input line 1348.
Package xcolor Info: Model `hsb' substituted by `rgb' on input line 1352.
Package xcolor Info: Model `RGB' extended on input line 1364.
Package xcolor Info: Model `HTML' substituted by `rgb' on input line 1366.
Package xcolor Info: Model `Hsb' substituted by `hsb' on input line 1367.
Package xcolor Info: Model `tHsb' substituted by `hsb' on input line 1368.
Package xcolor Info: Model `HSB' substituted by `hsb' on input line 1369.
Package xcolor Info: Model `Gray' substituted by `gray' on input line 1370.
Package xcolor Info: Model `wave' substituted by `hsb' on input line 1371.
))
\AM@pagewidth=\dimen172
\AM@pageheight=\dimen173

("C:\Users\USER\AppData\Local\Programs\MiKTeX 2.9\tex/latex/pdfpages\pppdftex.d
ef"
File: pppdftex.def 2020/01/28 v0.5q Pdfpages driver for pdfTeX (AM)
)
\AM@pagebox=\box58
\AM@global@opts=\toks25
\AM@pagecnt=\count401
\AM@toc@title=\toks26
\c@AM@survey=\count402
\AM@templatesizebox=\box59
)
("C:\Users\USER\AppData\Local\Programs\MiKTeX 2.9\tex/latex/tools\longtable.sty
"
Package: longtable 2020/01/07 v4.13 Multi-page Table package (DPC)
\LTleft=\skip91
\LTright=\skip92
\LTpre=\skip93
\LTpost=\skip94
\LTchunksize=\count403
\LTcapwidth=\dimen174
\LT@head=\box60
\LT@firsthead=\box61
\LT@foot=\box62
\LT@lastfoot=\box63
\LT@cols=\count404
\LT@rows=\count405
\c@LT@tables=\count406
\c@LT@chunks=\count407
\LT@p@ftn=\toks27
)
("C:\Users\USER\AppData\Local\Programs\MiKTeX 2.9\tex/latex/hyperref\hyperref.s
ty"
Package: hyperref 2020/01/14 v7.00d Hypertext links for LaTeX

("C:\Users\USER\AppData\Local\Programs\MiKTeX 2.9\tex/generic/kvdefinekeys\kvde
finekeys.sty"
Package: kvdefinekeys 2019-12-19 v1.6 Define keys (HO)
)
("C:\Users\USER\AppData\Local\Programs\MiKTeX 2.9\tex/generic/pdfescape\pdfesca
pe.sty"
Package: pdfescape 2019/12/09 v1.15 Implements pdfTeX's escape features (HO)
)
("C:\Users\USER\AppData\Local\Programs\MiKTeX 2.9\tex/latex/hycolor\hycolor.sty
"
Package: hycolor 2020-01-27 v1.10 Color options for hyperref/bookmark (HO)
)
("C:\Users\USER\AppData\Local\Programs\MiKTeX 2.9\tex/latex/letltxmacro\letltxm
acro.sty"
Package: letltxmacro 2019/12/03 v1.6 Let assignment for LaTeX macros (HO)
)
("C:\Users\USER\AppData\Local\Programs\MiKTeX 2.9\tex/latex/auxhook\auxhook.sty
"
Package: auxhook 2019-12-17 v1.6 Hooks for auxiliary files (HO)
)
\@linkdim=\dimen175
\Hy@linkcounter=\count408
\Hy@pagecounter=\count409

("C:\Users\USER\AppData\Local\Programs\MiKTeX 2.9\tex/latex/hyperref\pd1enc.def
"
File: pd1enc.def 2020/01/14 v7.00d Hyperref: PDFDocEncoding definition (HO)
Now handling font encoding PD1 ...
... no UTF-8 mapping file for font encoding PD1
)
("C:\Users\USER\AppData\Local\Programs\MiKTeX 2.9\tex/generic/intcalc\intcalc.s
ty"
Package: intcalc 2019/12/15 v1.3 Expandable calculations with integers (HO)
)
("C:\Users\USER\AppData\Local\Programs\MiKTeX 2.9\tex/generic/etexcmds\etexcmds
.sty"
Package: etexcmds 2019/12/15 v1.7 Avoid name clashes with e-TeX commands (HO)
)
\Hy@SavedSpaceFactor=\count410
Package hyperref Info: Hyper figures OFF on input line 4547.
Package hyperref Info: Link nesting OFF on input line 4552.
Package hyperref Info: Hyper index ON on input line 4555.
Package hyperref Info: Plain pages OFF on input line 4562.
Package hyperref Info: Backreferencing OFF on input line 4567.
Package hyperref Info: Implicit mode ON; LaTeX internals redefined.
Package hyperref Info: Bookmarks ON on input line 4800.
\c@Hy@tempcnt=\count411
LaTeX Info: Redefining \url on input line 5159.
\XeTeXLinkMargin=\dimen176

("C:\Users\USER\AppData\Local\Programs\MiKTeX 2.9\tex/generic/bitset\bitset.sty
"
Package: bitset 2019/12/09 v1.3 Handle bit-vector datatype (HO)

("C:\Users\USER\AppData\Local\Programs\MiKTeX 2.9\tex/generic/bigintcalc\bigint
calc.sty"
Package: bigintcalc 2019/12/15 v1.5 Expandable calculations on big integers (HO
)
))
\Fld@menulength=\count412
\Field@Width=\dimen177
\Fld@charsize=\dimen178
Package hyperref Info: Hyper figures OFF on input line 6430.
Package hyperref Info: Link nesting OFF on input line 6435.
Package hyperref Info: Hyper index ON on input line 6438.
Package hyperref Info: backreferencing OFF on input line 6445.
Package hyperref Info: Link coloring OFF on input line 6450.
Package hyperref Info: Link coloring with OCG OFF on input line 6455.
Package hyperref Info: PDF/A mode OFF on input line 6460.
LaTeX Info: Redefining \ref on input line 6500.
LaTeX Info: Redefining \pageref on input line 6504.
\Hy@abspage=\count413
\c@Item=\count414
\c@Hfootnote=\count415
)
Package hyperref Info: Driver (autodetected): hpdftex.

("C:\Users\USER\AppData\Local\Programs\MiKTeX 2.9\tex/latex/hyperref\hpdftex.de
f"
File: hpdftex.def 2020/01/14 v7.00d Hyperref driver for pdfTeX

("C:\Users\USER\AppData\Local\Programs\MiKTeX 2.9\tex/latex/atveryend\atveryend
.sty"
Package: atveryend 2019-12-11 v1.11 Hooks at the very end of document (HO)
)
\Fld@listcount=\count416
\c@bookmark@seq@number=\count417

("C:\Users\USER\AppData\Local\Programs\MiKTeX 2.9\tex/latex/rerunfilecheck\reru
nfilecheck.sty"
Package: rerunfilecheck 2019/12/05 v1.9 Rerun checks for auxiliary files (HO)

("C:\Users\USER\AppData\Local\Programs\MiKTeX 2.9\tex/generic/uniquecounter\uni
quecounter.sty"
Package: uniquecounter 2019/12/15 v1.4 Provide unlimited unique counter (HO)
)
Package uniquecounter Info: New unique counter `rerunfilecheck' on input line 2
86.
)
\Hy@SectionHShift=\skip95
)
("C:\Users\USER\AppData\Local\Programs\MiKTeX 2.9\tex/latex/listings\listings.s
ty"
\lst@mode=\count418
\lst@gtempboxa=\box64
\lst@token=\toks28
\lst@length=\count419
\lst@currlwidth=\dimen179
\lst@column=\count420
\lst@pos=\count421
\lst@lostspace=\dimen180
\lst@width=\dimen181
\lst@newlines=\count422
\lst@lineno=\count423
\lst@maxwidth=\dimen182

("C:\Users\USER\AppData\Local\Programs\MiKTeX 2.9\tex/latex/listings\lstmisc.st
y"
File: lstmisc.sty 2019/09/10 1.8c (Carsten Heinz)
\c@lstnumber=\count424
\lst@skipnumbers=\count425
\lst@framebox=\box65
)
("C:\Users\USER\AppData\Local\Programs\MiKTeX 2.9\tex/latex/listings\listings.c
fg"
File: listings.cfg 2019/09/10 1.8c listings configuration
))
Package: listings 2019/09/10 1.8c (Carsten Heinz)

("C:\Users\USER\AppData\Local\Programs\MiKTeX 2.9\tex/latex/mdwtools\footnote.s
ty"
Package: footnote 1997/01/28 1.13 Save footnotes around boxes
\fn@notes=\box66
\fn@width=\dimen183
)
("C:\Users\USER\AppData\Local\Programs\MiKTeX 2.9\tex/latex/transparent\transpa
rent.sty"
Package: transparent 2019/11/29 v1.4 Transparency via pdfTeX's color stack (HO)

)
("C:\Users\USER\AppData\Local\Programs\MiKTeX 2.9\tex/latex/lastpage\lastpage.s
ty"
Package: lastpage 2015/03/29 v1.2m Refers to last page's name (HMM; JPG)
)
("C:\Users\USER\AppData\Local\Programs\MiKTeX 2.9\tex/latex/chngcntr\chngcntr.s
ty"
Package: chngcntr 2018/04/09 v1.1a change counter resetting
Package chngcntr Info: \counterwithout already defined.
(chngcntr)             Quitting chngcntr on input line 21.
)
("C:\Users\USER\AppData\Local\Programs\MiKTeX 2.9\tex/latex/ragged2e\ragged2e.s
ty"
Package: ragged2e 2019/07/28 v2.2 ragged2e Package (MS)
 ("C:\Users\USER\AppData\Local\Programs\MiKTeX 2.9\tex/latex/ms\everysel.sty"
Package: everysel 2011/10/28 v1.2 EverySelectfont Package (MS)
)
\CenteringLeftskip=\skip96
\RaggedLeftLeftskip=\skip97
\RaggedRightLeftskip=\skip98
\CenteringRightskip=\skip99
\RaggedLeftRightskip=\skip100
\RaggedRightRightskip=\skip101
\CenteringParfillskip=\skip102
\RaggedLeftParfillskip=\skip103
\RaggedRightParfillskip=\skip104
\JustifyingParfillskip=\skip105
\CenteringParindent=\skip106
\RaggedLeftParindent=\skip107
\RaggedRightParindent=\skip108
\JustifyingParindent=\skip109
)
("C:\Users\USER\AppData\Local\Programs\MiKTeX 2.9\tex/latex/subfig\subfig.sty"
Package: subfig 2005/06/28 ver: 1.3 subfig package
\c@KVtest=\count426
\sf@farskip=\skip110
\sf@captopadj=\dimen184
\sf@capskip=\skip111
\sf@nearskip=\skip112
\c@subfigure=\count427
\c@subfigure@save=\count428
\c@lofdepth=\count429
\c@subtable=\count430
\c@subtable@save=\count431
\c@lotdepth=\count432
\sf@top=\skip113
\sf@bottom=\skip114
)
\@nomenclaturefile=\write4
\openout4 = `Master.nlo'.

Package nomencl Info: Writing nomenclature file Master.nlo on input line 33.

Package biblatex Warning: 'babel/polyglossia' detected but 'csquotes' missing.
(biblatex)                Loading 'csquotes' recommended.

\@quotelevel=\count433
\@quotereset=\count434
(Master.aux)
\openout1 = `Master.aux'.

LaTeX Font Info:    Checking defaults for OML/cmm/m/it on input line 70.
LaTeX Font Info:    ... okay on input line 70.
LaTeX Font Info:    Checking defaults for OMS/cmsy/m/n on input line 70.
LaTeX Font Info:    ... okay on input line 70.
LaTeX Font Info:    Checking defaults for OT1/cmr/m/n on input line 70.
LaTeX Font Info:    ... okay on input line 70.
LaTeX Font Info:    Checking defaults for T1/cmr/m/n on input line 70.
LaTeX Font Info:    ... okay on input line 70.
LaTeX Font Info:    Checking defaults for TS1/cmr/m/n on input line 70.
LaTeX Font Info:    ... okay on input line 70.
LaTeX Font Info:    Checking defaults for OMX/cmex/m/n on input line 70.
LaTeX Font Info:    ... okay on input line 70.
LaTeX Font Info:    Checking defaults for U/cmr/m/n on input line 70.
LaTeX Font Info:    ... okay on input line 70.
LaTeX Font Info:    Checking defaults for PD1/pdf/m/n on input line 70.
LaTeX Font Info:    ... okay on input line 70.

("C:\Users\USER\AppData\Local\Programs\MiKTeX 2.9\tex/context/base/mkii\supp-pd
f.mkii"
[Loading MPS to PDF converter (version 2006.09.02).]
\scratchcounter=\count435
\scratchdimen=\dimen185
\scratchbox=\box67
\nofMPsegments=\count436
\nofMParguments=\count437
\everyMPshowfont=\toks29
\MPscratchCnt=\count438
\MPscratchDim=\dimen186
\MPnumerator=\count439
\makeMPintoPDFobject=\count440
\everyMPtoPDFconversion=\toks30
)
("C:\Users\USER\AppData\Local\Programs\MiKTeX 2.9\tex/latex/epstopdf-pkg\epstop
df-base.sty"
Package: epstopdf-base 2020-01-24 v2.11 Base part for package epstopdf
Package epstopdf-base Info: Redefining graphics rule for `.eps' on input line 4
85.
)
Package biblatex Info: Trying to load language 'ngerman'...
Package biblatex Info: ... file 'ngerman.lbx' found.

("C:\Users\USER\AppData\Local\Programs\MiKTeX 2.9\tex/latex/biblatex/lbx\ngerma
n.lbx"
File: ngerman.lbx 2019/12/01 v3.14 biblatex localization (PK/MW)
Package biblatex Info: Trying to load language 'german'...
Package biblatex Info: ... file 'german.lbx' found.

("C:\Users\USER\AppData\Local\Programs\MiKTeX 2.9\tex/latex/biblatex/lbx\german
.lbx"
File: german.lbx 2019/12/01 v3.14 biblatex localization (PK/MW)
)
Package biblatex Info: Trying to load language 'german'...
Package biblatex Info: ... file 'german.lbx' found.

("C:\Users\USER\AppData\Local\Programs\MiKTeX 2.9\tex/latex/biblatex/lbx\german
.lbx"
File: german.lbx 2019/12/01 v3.14 biblatex localization (PK/MW)
))
Package biblatex Info: Input encoding 'utf8' detected.
Package biblatex Info: Automatic encoding selection.
(biblatex)             Assuming data encoding 'utf8'.
\openout3 = `Master.bcf'.

Package biblatex Info: Trying to load bibliographic data...
Package biblatex Info: ... file 'Master.bbl' found.
 (Master.bbl

Package biblatex Warning: Biber reported the following issues
(biblatex)                with 'imgprz':
(biblatex)                - Entry 'imgprz' (./../literatur.bib): Invalid format
 '5.3.2020' of date field 'date' - ignoring.


Package biblatex Warning: Biber reported the following issues
(biblatex)                with 'affine':
(biblatex)                - Entry 'affine' (./../literatur.bib): Invalid format
 '17.02.2020' of date field 'date' - ignoring.

)
Package biblatex Info: Reference section=0 on input line 70.
Package biblatex Info: Reference segment=0 on input line 70.
Package caption Info: Begin \AtBeginDocument code.
Package caption Info: subfig package v1.3 is loaded.
Package caption Info: hyperref package is loaded.
Package caption Info: listings package is loaded.
Package caption Info: longtable package is loaded.

("C:\Users\USER\AppData\Local\Programs\MiKTeX 2.9\tex/latex/caption\ltcaption.s
ty"
Package: ltcaption 2018/08/26 v1.4a longtable captions (AR)
)
Package caption Info: End \AtBeginDocument code.

*geometry* driver: auto-detecting
*geometry* detected driver: pdftex
*geometry* verbose mode - [ preamble ] result:
* driver: pdftex
* paper: a4paper
* layout: <same size as paper>
* layoutoffset:(h,v)=(0.0pt,0.0pt)
* modes: 
* h-part:(L,W,R)=(85.35826pt, 441.01773pt, 71.13188pt)
* v-part:(T,H,B)=(85.35826pt, 674.33032pt, 85.35826pt)
* \paperwidth=597.50787pt
* \paperheight=845.04684pt
* \textwidth=441.01773pt
* \textheight=674.33032pt
* \oddsidemargin=13.08827pt
* \evensidemargin=13.08827pt
* \topmargin=-18.78552pt
* \headheight=12.0pt
* \headsep=19.8738pt
* \topskip=12.0pt
* \footskip=30.0pt
* \marginparwidth=38.0pt
* \marginparsep=7.0pt
* \columnsep=10.0pt
* \skip\footins=10.8pt plus 4.0pt minus 2.0pt
* \hoffset=0.0pt
* \voffset=0.0pt
* \mag=1000
* \@twocolumnfalse
* \@twosidefalse
* \@mparswitchfalse
* \@reversemarginfalse
* (1in=72.27pt=25.4mm, 1cm=28.453pt)


("C:\Users\USER\AppData\Local\Programs\MiKTeX 2.9\tex/latex/translator\translat
or-basic-dictionary-English.dict"
Dictionary: translator-basic-dictionary, Language: English 
)
("C:\Users\USER\AppData\Local\Programs\MiKTeX 2.9\tex/latex/siunitx\siunitx-abb
reviations.cfg"
File: siunitx-abbreviations.cfg 2017/11/26 v2.7k siunitx: Abbreviated units
)
\AtBeginShipoutBox=\box68
Package hyperref Info: Link coloring OFF on input line 70.

("C:\Users\USER\AppData\Local\Programs\MiKTeX 2.9\tex/latex/hyperref\nameref.st
y"
Package: nameref 2019/09/16 v2.46 Cross-referencing by name of section

("C:\Users\USER\AppData\Local\Programs\MiKTeX 2.9\tex/latex/refcount\refcount.s
ty"
Package: refcount 2019/12/15 v3.6 Data extraction from label references (HO)
)
("C:\Users\USER\AppData\Local\Programs\MiKTeX 2.9\tex/generic/gettitlestring\ge
ttitlestring.sty"
Package: gettitlestring 2019/12/15 v1.6 Cleanup title references (HO)
)
\c@section@level=\count441
)
LaTeX Info: Redefining \ref on input line 70.
LaTeX Info: Redefining \pageref on input line 70.
LaTeX Info: Redefining \nameref on input line 70.
 (Master.out) (Master.out)
\@outlinefile=\write5
\openout5 = `Master.out'.

\c@lstlisting=\count442
Package lastpage Info: Please have a look at the pageslts package at
(lastpage)             https://www.ctan.org/pkg/pageslts
(lastpage)             ! on input line 70.

ABD: EverySelectfont initializing macros
LaTeX Info: Redefining \selectfont on input line 70.
LaTeX Font Info:    External font `cmex10' loaded for size
(Font)              <12> on input line 70.
LaTeX Font Info:    External font `cmex10' loaded for size
(Font)              <8> on input line 70.
LaTeX Font Info:    External font `cmex10' loaded for size
(Font)              <6> on input line 70.
 (_Doc_A.tex) (01_title.tex
<./figures/Header_Seite.png, id=59, 137.01187pt x 48.18pt>
File: ./figures/Header_Seite.png Graphic file (type png)
<use ./figures/Header_Seite.png>
Package pdftex.def Info: ./figures/Header_Seite.png  used on input line 7.
(pdftex.def)             Requested size: 137.01154pt x 48.17986pt.


LaTeX Font Warning: Font shape `OT1/cmr/bx/sc' undefined
(Font)              using `OT1/cmr/bx/n' instead on input line 27.

<./../50_egli/figures/Frontpage_back.png, id=60, 716.6775pt x 403.5075pt>
File: ./../50_egli/figures/Frontpage_back.png Graphic file (type png)
<use ./../50_egli/figures/Frontpage_back.png>
Package pdftex.def Info: ./../50_egli/figures/Frontpage_back.png  used on input
 line 38.
(pdftex.def)             Requested size: 352.81552pt x 198.64395pt.
[1



{C:/Users/USER/AppData/Local/MiKTeX/2.9/pdftex/config/pdftex.map} <./../50_egli
/figures/Frontpage_back.png> <./figures/Header_Seite.png>])
No file Master.nls.
(Master.toc)
\tf@toc=\write6
\openout6 = `Master.toc'.

pdfTeX warning (ext4): destination with the same identifier (name{page.i}) has 
been already used, duplicate ignored
<to be read again> 
                   \relax 
l.117 	\mainmatter
                   [1

] (_Doc.tex
Kapitel 1.
[1



]
File: ./figures/Header_Seite.png Graphic file (type png)
<use ./figures/Header_Seite.png>
Package pdftex.def Info: ./figures/Header_Seite.png  used on input line 98.
(pdftex.def)             Requested size: 68.50577pt x 24.08992pt.


Package Fancyhdr Warning: \headheight is too small (12.0pt): 
Make it at least 28.43996pt.
We now make it that large for the rest of the document.
This may cause the page layout to be inconsistent, however.

[2]
<./../50_egli/figures/dlib.png, id=109, 479.391pt x 342.078pt>
File: ./../50_egli/figures/dlib.png Graphic file (type png)
<use ./../50_egli/figures/dlib.png>
Package pdftex.def Info: ./../50_egli/figures/dlib.png  used on input line 102.

(pdftex.def)             Requested size: 239.69492pt x 171.03857pt.
<./../50_egli/figures/bildverarbeitung.png, id=113, 1085.05376pt x 885.3075pt>
File: ./../50_egli/figures/bildverarbeitung.png Graphic file (type png)
<use ./../50_egli/figures/bildverarbeitung.png>
Package pdftex.def Info: ./../50_egli/figures/bildverarbeitung.png  used on inp
ut line 136.
(pdftex.def)             Requested size: 441.01773pt x 359.8309pt.
File: ./figures/Header_Seite.png Graphic file (type png)
<use ./figures/Header_Seite.png>
Package pdftex.def Info: ./figures/Header_Seite.png  used on input line 151.
(pdftex.def)             Requested size: 68.50577pt x 24.08992pt.
 [3 <./../50_egli/figures/dlib.png>]
File: ./figures/Header_Seite.png Graphic file (type png)
<use ./figures/Header_Seite.png>
Package pdftex.def Info: ./figures/Header_Seite.png  used on input line 151.
(pdftex.def)             Requested size: 68.50577pt x 24.08992pt.
 [4 <./../50_egli/figures/bildverarbeitung.png>]
<./../50_egli/figures/haar_features.jpg, id=134, 321.2pt x 272.01625pt>
File: ./../50_egli/figures/haar_features.jpg Graphic file (type jpg)
<use ./../50_egli/figures/haar_features.jpg>
Package pdftex.def Info: ./../50_egli/figures/haar_features.jpg  used on input 
line 210.
(pdftex.def)             Requested size: 256.96034pt x 217.61328pt.
File: ./figures/Header_Seite.png Graphic file (type png)
<use ./figures/Header_Seite.png>
Package pdftex.def Info: ./figures/Header_Seite.png  used on input line 214.
(pdftex.def)             Requested size: 68.50577pt x 24.08992pt.
 [5]
<./../50_egli/figures/haar.png, id=153, 335.2525pt x 203.76125pt>
File: ./../50_egli/figures/haar.png Graphic file (type png)
<use ./../50_egli/figures/haar.png>
Package pdftex.def Info: ./../50_egli/figures/haar.png  used on input line 222.

(pdftex.def)             Requested size: 268.20236pt x 163.0092pt.
File: ./figures/Header_Seite.png Graphic file (type png)
<use ./figures/Header_Seite.png>
Package pdftex.def Info: ./figures/Header_Seite.png  used on input line 240.
(pdftex.def)             Requested size: 68.50577pt x 24.08992pt.
 [6 <./../50_egli/figures/haar_features.jpg> <./../50_egli/figures/haar.png (PN
G copy)>]
("C:\Users\USER\AppData\Local\Programs\MiKTeX 2.9\tex/latex/listings\lstlang1.s
ty"
File: lstlang1.sty 2019/09/10 1.8c listings language file
)
Package hyperref Info: bookmark level for unknown lstlisting defaults to 0 on i
nput line 242.
<./../50_egli/figures/aronfd.png, id=162, 324.46219pt x 261.97874pt>
File: ./../50_egli/figures/aronfd.png Graphic file (type png)
<use ./../50_egli/figures/aronfd.png>
Package pdftex.def Info: ./../50_egli/figures/aronfd.png  used on input line 29
7.
(pdftex.def)             Requested size: 194.6788pt x 157.18845pt.
File: ./figures/Header_Seite.png Graphic file (type png)
<use ./figures/Header_Seite.png>
Package pdftex.def Info: ./figures/Header_Seite.png  used on input line 301.
(pdftex.def)             Requested size: 68.50577pt x 24.08992pt.
 [7]
File: ./figures/Header_Seite.png Graphic file (type png)
<use ./figures/Header_Seite.png>
Package pdftex.def Info: ./figures/Header_Seite.png  used on input line 339.
(pdftex.def)             Requested size: 68.50577pt x 24.08992pt.
 [8 <./../50_egli/figures/aronfd.png>]
File: ./figures/Header_Seite.png Graphic file (type png)
<use ./figures/Header_Seite.png>
Package pdftex.def Info: ./figures/Header_Seite.png  used on input line 408.
(pdftex.def)             Requested size: 68.50577pt x 24.08992pt.
 [9]
<./../50_egli/figures/NewAron4.jpg, id=223, 272.01625pt x 272.01625pt>
File: ./../50_egli/figures/NewAron4.jpg Graphic file (type jpg)
<use ./../50_egli/figures/NewAron4.jpg>
Package pdftex.def Info: ./../50_egli/figures/NewAron4.jpg  used on input line 
464.
(pdftex.def)             Requested size: 136.00778pt x 136.00778pt.
<./../50_egli/figures/alignedAronCropped.jpg, id=224, 434.62375pt x 434.62375pt
>
File: ./../50_egli/figures/alignedAronCropped.jpg Graphic file (type jpg)
<use ./../50_egli/figures/alignedAronCropped.jpg>
Package pdftex.def Info: ./../50_egli/figures/alignedAronCropped.jpg  used on i
nput line 467.
(pdftex.def)             Requested size: 136.9072pt x 136.9072pt.
File: ./figures/Header_Seite.png Graphic file (type png)
<use ./figures/Header_Seite.png>
Package pdftex.def Info: ./figures/Header_Seite.png  used on input line 472.
(pdftex.def)             Requested size: 68.50577pt x 24.08992pt.
 [10]
<./../50_egli/figures/Neworens1.jpg, id=251, 198.7425pt x 198.7425pt>
File: ./../50_egli/figures/Neworens1.jpg Graphic file (type jpg)
<use ./../50_egli/figures/Neworens1.jpg>
Package pdftex.def Info: ./../50_egli/figures/Neworens1.jpg  used on input line
 476.
(pdftex.def)             Requested size: 139.11879pt x 139.11879pt.
<./../50_egli/figures/alignedorens1Cropped.jpg, id=252, 445.665pt x 445.665pt>
File: ./../50_egli/figures/alignedorens1Cropped.jpg Graphic file (type jpg)
<use ./../50_egli/figures/alignedorens1Cropped.jpg>
Package pdftex.def Info: ./../50_egli/figures/alignedorens1Cropped.jpg  used on
 input line 479.
(pdftex.def)             Requested size: 140.38521pt x 140.38521pt.
File: ./figures/Header_Seite.png Graphic file (type png)
<use ./figures/Header_Seite.png>
Package pdftex.def Info: ./figures/Header_Seite.png  used on input line 510.
(pdftex.def)             Requested size: 68.50577pt x 24.08992pt.
 [11 <./../50_egli/figures/NewAron4.jpg> <./../50_egli/figures/alignedAronCropp
ed.jpg> <./../50_egli/figures/Neworens1.jpg> <./../50_egli/figures/alignedorens
1Cropped.jpg>]
<./../50_egli/figures/aroncropped.jpg, id=283, 155.58125pt x 155.58125pt>
File: ./../50_egli/figures/aroncropped.jpg Graphic file (type jpg)
<use ./../50_egli/figures/aroncropped.jpg>
Package pdftex.def Info: ./../50_egli/figures/aroncropped.jpg  used on input li
ne 530.
(pdftex.def)             Requested size: 93.34946pt x 93.34946pt.
LaTeX Font Info:    External font `cmex10' loaded for size
(Font)              <7> on input line 549.
LaTeX Font Info:    External font `cmex10' loaded for size
(Font)              <5> on input line 549.
<./../50_egli/figures/landmarks.png, id=288, 415.5525pt x 395.4775pt>
File: ./../50_egli/figures/landmarks.png Graphic file (type png)
<use ./../50_egli/figures/landmarks.png>
Package pdftex.def Info: ./../50_egli/figures/landmarks.png  used on input line
 565.
(pdftex.def)             Requested size: 207.77574pt x 197.73827pt.
File: ./figures/Header_Seite.png Graphic file (type png)
<use ./figures/Header_Seite.png>
Package pdftex.def Info: ./figures/Header_Seite.png  used on input line 570.
(pdftex.def)             Requested size: 68.50577pt x 24.08992pt.
 [12 <./../50_egli/figures/aroncropped.jpg>]
<./../50_egli/figures/pikat.png, id=304, 577.40718pt x 300.3722pt>
File: ./../50_egli/figures/pikat.png Graphic file (type png)
<use ./../50_egli/figures/pikat.png>
Package pdftex.def Info: ./../50_egli/figures/pikat.png  used on input line 578
.
(pdftex.def)             Requested size: 461.92638pt x 240.29807pt.

Overfull \hbox (20.90865pt too wide) in paragraph at lines 578--580
 [][] 
 []


Overfull \hbox (9.22018pt too wide) in paragraph at lines 589--589
[]\OT1/cmr/bx/n/17.28 Herausforderungen, Pro-ble-me und de-ren L[]osung 
 []

File: ./figures/Header_Seite.png Graphic file (type png)
<use ./figures/Header_Seite.png>
Package pdftex.def Info: ./figures/Header_Seite.png  used on input line 596.
(pdftex.def)             Requested size: 68.50577pt x 24.08992pt.
[13 <./../50_egli/figures/landmarks.png (PNG copy)> <./../50_egli/figures/pikat
.png>]
File: ./figures/Header_Seite.png Graphic file (type png)
<use ./figures/Header_Seite.png>
Package pdftex.def Info: ./figures/Header_Seite.png  used on input line 660.
(pdftex.def)             Requested size: 68.50577pt x 24.08992pt.
 [14]
File: ./figures/Header_Seite.png Graphic file (type png)
<use ./figures/Header_Seite.png>
Package pdftex.def Info: ./figures/Header_Seite.png  used on input line 729.
(pdftex.def)             Requested size: 68.50577pt x 24.08992pt.
 [15]) (_Doc_App.tex)
File: ./figures/Header_Seite.png Graphic file (type png)
<use ./figures/Header_Seite.png>
Package pdftex.def Info: ./figures/Header_Seite.png  used on input line 137.
(pdftex.def)             Requested size: 68.50577pt x 24.08992pt.
 [16] (Master.lof)
\tf@lof=\write7
\openout7 = `Master.lof'.

 [17


] (Master.lot)
\tf@lot=\write8
\openout8 = `Master.lot'.

 [18

]
(Master.lol)
\tf@lol=\write9
\openout9 = `Master.lol'.

 [19

]

Package biblatex Warning: Type 'masterthesis' not found on input line 146.


LaTeX Warning: Empty bibliography on input line 146.


Package biblatex Warning: Type 'book' not found on input line 147.


LaTeX Warning: Empty bibliography on input line 147.


Package biblatex Warning: Type 'report' not found on input line 148.


LaTeX Warning: Empty bibliography on input line 148.


Overfull \hbox (9.69699pt too wide) in paragraph at lines 150--150
\OT1/cmr/m/n/12 ting in Py-thon''. In: \OT1/cmr/m/it/12 ar-Xiv e-prints\OT1/cmr
/m/n/12 , ar-Xiv:1907.10121 (Ju-li 2019), ar-Xiv:1907.10121.
 []


AED: lastpage setting LastPage
[20

]
Package atveryend Info: Empty hook `BeforeClearDocument' on input line 152.
Package atveryend Info: Empty hook `AfterLastShipout' on input line 152.
 (Master.aux)
Package atveryend Info: Executing hook `AtVeryEndDocument' on input line 152.
Package atveryend Info: Executing hook `AtEndAfterFileList' on input line 152.
Package rerunfilecheck Info: File `Master.out' has not changed.
(rerunfilecheck)             Checksum: 5BABE04151415D6E5DFD090DD8EE659C;1043.


LaTeX Font Warning: Some font shapes were not available, defaults substituted.

Package logreq Info: Writing requests to 'Master.run.xml'.
\openout1 = `Master.run.xml'.

 ) 
Here is how much of TeX's memory you used:
 22222 strings out of 481258
 414667 string characters out of 2906671
 1150497 words of memory out of 3000000
 37235 multiletter control sequences out of 15000+200000
 541964 words of font info for 58 fonts, out of 3000000 for 9000
 1143 hyphenation exceptions out of 8191
 57i,17n,106p,852b,3540s stack positions out of 5000i,500n,10000p,200000b,50000s
 <C:\Users\USER\AppData\Local\MiKTeX\2.9\fonts/pk/ljfour/jknappen/ec/dpi600\t
crm1200.pk><C:/Users/USER/AppData/Local/Programs/MiKTeX 2.9/fonts/type1/public/
amsfonts/cm/cmbx12.pfb><C:/Users/USER/AppData/Local/Programs/MiKTeX 2.9/fonts/t
ype1/public/amsfonts/cm/cmcsc10.pfb><C:/Users/USER/AppData/Local/Programs/MiKTe
X 2.9/fonts/type1/public/amsfonts/cm/cmr10.pfb><C:/Users/USER/AppData/Local/Pro
grams/MiKTeX 2.9/fonts/type1/public/amsfonts/cm/cmr12.pfb><C:/Users/USER/AppDat
a/Local/Programs/MiKTeX 2.9/fonts/type1/public/amsfonts/cm/cmr6.pfb><C:/Users/U
SER/AppData/Local/Programs/MiKTeX 2.9/fonts/type1/public/amsfonts/cm/cmr7.pfb><
C:/Users/USER/AppData/Local/Programs/MiKTeX 2.9/fonts/type1/public/amsfonts/cm/
cmr8.pfb><C:/Users/USER/AppData/Local/Programs/MiKTeX 2.9/fonts/type1/public/am
sfonts/cm/cmsl12.pfb><C:/Users/USER/AppData/Local/Programs/MiKTeX 2.9/fonts/typ
e1/public/amsfonts/cm/cmti12.pfb><C:/Users/USER/AppData/Local/Programs/MiKTeX 2
.9/fonts/type1/public/amsfonts/cm/cmtt10.pfb><C:/Users/USER/AppData/Local/Progr
ams/MiKTeX 2.9/fonts/type1/public/amsfonts/cm/cmtt12.pfb>
Output written on Master.pdf (22 pages, 1279536 bytes).
PDF statistics:
 461 PDF objects out of 1000 (max. 8388607)
 151 named destinations out of 1000 (max. 500000)
 183 words of extra memory for PDF output out of 10000 (max. 10000000)

